\BOOKMARK [0][-]{chapter*.2}{\376\377\000\332\000v\000o\000d}{}% 1
\BOOKMARK [0][-]{chapter.1}{\376\377\000L\000o\000g\000i\000s\000t\000i\000k\000a}{}% 2
\BOOKMARK [1][-]{section.1.1}{\376\377\000D\000e\000f\000i\000n\000i\000c\000e\000\040\000l\000o\000g\000i\000s\000t\000i\000k\000y}{chapter.1}% 3
\BOOKMARK [1][-]{section.1.2}{\376\377\001\140\000t\000\355\000h\000l\000\341\000\040\000l\000o\000g\000i\000s\000t\000i\000k\000a}{chapter.1}% 4
\BOOKMARK [2][-]{subsection.1.2.1}{\376\377\000T\000o\000y\000o\000t\000a\000\040\000P\000r\000o\000d\000u\000c\000t\000i\000o\000n\000\040\000S\000y\000s\000t\000e\000m}{section.1.2}% 5
\BOOKMARK [2][-]{subsection.1.2.2}{\376\377\000P\000l\000\375\000t\000v\000\341\000n\000\355\000\040\000v\000\040\000l\000o\000g\000i\000s\000t\000i\000c\000k\000\375\000c\000h\000\040\000p\000r\000o\000c\000e\000s\000e\000c\000h}{section.1.2}% 6
\BOOKMARK [1][-]{section.1.3}{\376\377\000S\000h\000r\000i\000n\000k}{chapter.1}% 7
\BOOKMARK [2][-]{subsection.1.3.1}{\376\377\000D\000e\000f\000i\000n\000i\000c\000e\000\040\000s\000h\000r\000i\000n\000k\000u}{section.1.3}% 8
\BOOKMARK [2][-]{subsection.1.3.2}{\376\377\000T\000y\000p\000y\000\040\000s\000h\000r\000i\000n\000k\001\157}{section.1.3}% 9
\BOOKMARK [0][-]{chapter.2}{\376\377\000P\000o\000u\001\176\000i\000t\000\351\000\040\000m\000e\000t\000o\000d\000y}{}% 10
\BOOKMARK [1][-]{section.2.1}{\376\377\000R\000e\000d\000u\000k\000c\000e\000\040\000d\000i\000m\000e\000n\000z\000i\000o\000n\000a\000l\000i\000t\000y}{chapter.2}% 11
\BOOKMARK [2][-]{subsection.2.1.1}{\376\377\000A\000n\000a\000l\000\375\000z\000a\000\040\000h\000l\000a\000v\000n\000\355\000c\000h\000\040\000k\000o\000m\000p\000o\000n\000e\000n\000t}{section.2.1}% 12
\BOOKMARK [2][-]{subsection.2.1.2}{\376\377\000K\000o\000r\000e\000s\000p\000o\000n\000d\000e\000n\001\015\000n\000\355\000\040\000a\000n\000a\000l\000\375\000z\000a}{section.2.1}% 13
\BOOKMARK [1][-]{section.2.2}{\376\377\000K\000o\000r\000e\000l\000a\001\015\000n\000\355\000\040\000a\000n\000a\000l\000\375\000z\000a}{chapter.2}% 14
\BOOKMARK [2][-]{subsection.2.2.1}{\376\377\000K\000o\000r\000e\000l\000a\001\015\000n\000\355\000\040\000k\000o\000e\000f\000i\000c\000i\000e\000n\000t}{section.2.2}% 15
\BOOKMARK [2][-]{subsection.2.2.2}{\376\377\000D\000a\000l\001\141\000\355\000\040\000z\000p\001\157\000s\000o\000b\000y\000\040\000m\001\033\001\131\000e\000n\000\355\000\040\000z\000\341\000v\000i\000s\000l\000o\000s\000t\000i}{section.2.2}% 16
\BOOKMARK [1][-]{section.2.3}{\376\377\000M\000e\000t\000o\000d\000a\000\040\000G\000U\000H\000A}{chapter.2}% 17
\BOOKMARK [2][-]{subsection.2.3.1}{\376\377\000Z\000\341\000k\000l\000a\000d\000n\000\355\000\040\000p\000r\000i\000n\000c\000i\000p\000\040\000m\000e\000t\000o\000d\000y}{section.2.3}% 18
\BOOKMARK [2][-]{subsection.2.3.2}{\376\377\000D\001\157\000l\000e\001\176\000i\000t\000\351\000\040\000p\000o\000j\000m\000y}{section.2.3}% 19
\BOOKMARK [2][-]{subsection.2.3.3}{\376\377\000P\000r\000o\000c\000e\000d\000u\000r\000y}{section.2.3}% 20
\BOOKMARK [1][-]{section.2.4}{\376\377\000N\000\341\000s\000t\000r\000o\000j\000e}{chapter.2}% 21
\BOOKMARK [2][-]{subsection.2.4.1}{\376\377\000P\000y\000t\000h\000o\000n\000\040\040\023\000\040\000J\000u\000p\000y\000t\000e\000r\000\040\000N\000o\000t\000e\000b\000o\000o\000k}{section.2.4}% 22
\BOOKMARK [2][-]{subsection.2.4.2}{\376\377\000P\000o\000w\000e\000r\000\040\000B\000I}{section.2.4}% 23
\BOOKMARK [0][-]{chapter.3}{\376\377\000Z\000p\000r\000a\000c\000o\000v\000\341\000n\000\355\000\040\000d\000a\000t}{}% 24
\BOOKMARK [1][-]{section.3.1}{\376\377\000P\000o\000p\000i\000s\000\040\000o\000b\000d\000r\001\176\000e\000n\000\375\000c\000h\000\040\000d\000a\000t}{chapter.3}% 25
\BOOKMARK [1][-]{section.3.2}{\376\377\000P\001\131\000\355\000p\000r\000a\000v\000a\000\040\000v\000z\000o\000r\000k\000u\000\040\000d\000a\000t\000\040\000p\000r\000o\000\040\000d\000a\000l\001\141\000\355\000\040\000a\000n\000a\000l\000\375\000z\000y}{chapter.3}% 26
\BOOKMARK [2][-]{subsection.3.2.1}{\376\377\000V\000\375\000b\001\033\000r\000\040\000d\000a\000t}{section.3.2}% 27
\BOOKMARK [0][-]{chapter.4}{\376\377\000V\000i\000z\000u\000a\000l\000i\000z\000a\000c\000e\000\040\000d\000a\000t}{}% 28
\BOOKMARK [1][-]{section.4.1}{\376\377\000P\000o\000p\000i\000s\000\040\001\131\000e\001\141\000e\000n\000\355}{chapter.4}% 29
\BOOKMARK [2][-]{subsection.4.1.1}{\376\377\000M\000e\000t\000r\000i\000k\000y}{section.4.1}% 30
\BOOKMARK [2][-]{subsection.4.1.2}{\376\377\000R\000e\000p\000o\000r\000t\000i\000n\000g}{section.4.1}% 31
\BOOKMARK [1][-]{section.4.2}{\376\377\000V\000\375\000s\000l\000e\000d\000k\000y}{chapter.4}% 32
\BOOKMARK [0][-]{chapter.5}{\376\377\000K\000o\000r\000e\000l\000a\001\015\000n\000\355\000\040\000a\000n\000a\000l\000\375\000z\000a}{}% 33
\BOOKMARK [1][-]{section.5.1}{\376\377\000P\000o\000s\000t\000u\000p}{chapter.5}% 34
\BOOKMARK [1][-]{section.5.2}{\376\377\000I\000m\000p\000l\000e\000m\000e\000n\000t\000a\000c\000e}{chapter.5}% 35
\BOOKMARK [2][-]{subsection.5.2.1}{\376\377\000V\000s\000t\000u\000p\000y\000\040\000a\000\040\000v\000\375\000s\000t\000u\000p\000y}{section.5.2}% 36
\BOOKMARK [2][-]{subsection.5.2.2}{\376\377\000S\000p\000u\001\141\000t\001\033\000n\000\355\000\040\000a\000n\000a\000l\000\375\000z\000y}{section.5.2}% 37
\BOOKMARK [2][-]{subsection.5.2.3}{\376\377\000P\000o\000p\000i\000s\000\040\000f\000u\000n\000k\000c\000\355\000\040\000a\000\040\000s\000t\000r\000u\000k\000t\000u\000r\000a\000\040\000k\000\363\000d\000u}{section.5.2}% 38
\BOOKMARK [1][-]{section.5.3}{\376\377\000V\000\375\000s\000l\000e\000d\000k\000y}{chapter.5}% 39
\BOOKMARK [0][-]{chapter.6}{\376\377\000A\000n\000a\000l\000\375\000z\000a\000\040\000p\000o\000m\000o\000c\000\355\000\040\000m\000e\000t\000o\000d\000y\000\040\0004\000f\000t\000M\000i\000n\000e\000r}{}% 40
\BOOKMARK [1][-]{section.6.1}{\376\377\000H\000y\000p\000o\000t\000\351\000z\000y}{chapter.6}% 41
\BOOKMARK [1][-]{section.6.2}{\376\377\000P\000r\000o\000d\000u\000k\000t\000y\000\040\000n\000e\000p\000o\000p\000s\000a\000n\000\351\000\040\000k\000o\000r\000e\000l\000a\001\015\000n\000\355\000\040\000a\000n\000a\000l\000\375\000z\000o\000u}{chapter.6}% 42
\BOOKMARK [0][-]{chapter*.116}{\376\377\000Z\000\341\000v\001\033\000r}{}% 43
\BOOKMARK [0][-]{chapter*.118}{\376\377\000L\000i\000t\000e\000r\000a\000t\000u\000r\000a}{}% 44
\BOOKMARK [0][-]{chapter*.119}{\376\377\000P\001\131\000\355\000l\000o\000h\000y}{}% 45
\BOOKMARK [0][-]{appendix.A}{\376\377\000P\000o\000p\000i\000s\000\040\000p\001\131\000i\000l\000o\001\176\000e\000n\000\375\000c\000h\000\040\000s\000o\000u\000b\000o\000r\001\157}{}% 46
\BOOKMARK [0][-]{appendix.B}{\376\377\000P\001\131\000e\000k\000l\000a\000d\000\040\000p\000o\000j\000m\001\157\000\040\000z\000\040\000p\000r\000a\000k\000t\000i\000c\000k\000\351\000\040\001\015\000\341\000s\000t\000i}{}% 47
