This is pdfTeX, Version 3.141592653-2.6-1.40.24 (MiKTeX 22.10) (preloaded format=pdflatex 2022.11.3)  27 DEC 2023 18:49
entering extended mode
 restricted \write18 enabled.
 file:line:error style messages enabled.
 %&-line parsing enabled.
**c:/Users/uzivatel/Documents/skola/DP/DP_Gruberova.tex
(c:/Users/uzivatel/Documents/skola/DP/DP_Gruberova.tex
LaTeX2e <2022-06-01> patch level 5
L3 programming layer <2022-10-26> (C:\Users\uzivatel\AppData\Local\Programs\MiKTeX\tex/latex/base\book.cls
Document Class: book 2021/10/04 v1.4n Standard LaTeX document class
(C:\Users\uzivatel\AppData\Local\Programs\MiKTeX\tex/latex/base\bk12.clo
File: bk12.clo 2021/10/04 v1.4n Standard LaTeX file (size option)
)
\c@part=\count185
\c@chapter=\count186
\c@section=\count187
\c@subsection=\count188
\c@subsubsection=\count189
\c@paragraph=\count190
\c@subparagraph=\count191
\c@figure=\count192
\c@table=\count193
\abovecaptionskip=\skip47
\belowcaptionskip=\skip48
\bibindent=\dimen138
) (C:\Users\uzivatel\AppData\Local\Programs\MiKTeX\tex/latex/xcolor\xcolor.sty
Package: xcolor 2022/06/12 v2.14 LaTeX color extensions (UK)
 (C:\Users\uzivatel\AppData\Local\Programs\MiKTeX\tex/latex/graphics-cfg\color.cfg
File: color.cfg 2016/01/02 v1.6 sample color configuration
)
Package xcolor Info: Package option `usenames' ignored on input line 218.
Package xcolor Info: Driver file: pdftex.def on input line 227.
 (C:\Users\uzivatel\AppData\Local\Programs\MiKTeX\tex/latex/graphics-def\pdftex.def
File: pdftex.def 2022/09/22 v1.2b Graphics/color driver for pdftex
\stockwidth=\dimen139
\stockheight=\dimen140
) (C:\Users\uzivatel\AppData\Local\Programs\MiKTeX\tex/latex/graphics\mathcolor.ltx)
Package xcolor Info: Model `cmy' substituted by `cmy0' on input line 1353.
Package xcolor Info: Model `hsb' substituted by `rgb' on input line 1357.
Package xcolor Info: Model `RGB' extended on input line 1369.
Package xcolor Info: Model `HTML' substituted by `rgb' on input line 1371.
Package xcolor Info: Model `Hsb' substituted by `hsb' on input line 1372.
Package xcolor Info: Model `tHsb' substituted by `hsb' on input line 1373.
Package xcolor Info: Model `HSB' substituted by `hsb' on input line 1374.
Package xcolor Info: Model `Gray' substituted by `gray' on input line 1375.
Package xcolor Info: Model `wave' substituted by `hsb' on input line 1376.
 (C:\Users\uzivatel\AppData\Local\Programs\MiKTeX\tex/latex/graphics\dvipsnam.def
File: dvipsnam.def 2016/06/17 v3.0m Driver-dependent file (DPC,SPQR)
)) (C:\Users\uzivatel\AppData\Local\Programs\MiKTeX\tex/latex/lm\lmodern.sty
Package: lmodern 2015/05/01 v1.6.1 Latin Modern Fonts
LaTeX Font Info:    Overwriting symbol font `operators' in version `normal'
(Font)                  OT1/cmr/m/n --> OT1/lmr/m/n on input line 22.
LaTeX Font Info:    Overwriting symbol font `letters' in version `normal'
(Font)                  OML/cmm/m/it --> OML/lmm/m/it on input line 23.
LaTeX Font Info:    Overwriting symbol font `symbols' in version `normal'
(Font)                  OMS/cmsy/m/n --> OMS/lmsy/m/n on input line 24.
LaTeX Font Info:    Overwriting symbol font `largesymbols' in version `normal'
(Font)                  OMX/cmex/m/n --> OMX/lmex/m/n on input line 25.
LaTeX Font Info:    Overwriting symbol font `operators' in version `bold'
(Font)                  OT1/cmr/bx/n --> OT1/lmr/bx/n on input line 26.
LaTeX Font Info:    Overwriting symbol font `letters' in version `bold'
(Font)                  OML/cmm/b/it --> OML/lmm/b/it on input line 27.
LaTeX Font Info:    Overwriting symbol font `symbols' in version `bold'
(Font)                  OMS/cmsy/b/n --> OMS/lmsy/b/n on input line 28.
LaTeX Font Info:    Overwriting symbol font `largesymbols' in version `bold'
(Font)                  OMX/cmex/m/n --> OMX/lmex/m/n on input line 29.
LaTeX Font Info:    Overwriting math alphabet `\mathbf' in version `normal'
(Font)                  OT1/cmr/bx/n --> OT1/lmr/bx/n on input line 31.
LaTeX Font Info:    Overwriting math alphabet `\mathsf' in version `normal'
(Font)                  OT1/cmss/m/n --> OT1/lmss/m/n on input line 32.
LaTeX Font Info:    Overwriting math alphabet `\mathit' in version `normal'
(Font)                  OT1/cmr/m/it --> OT1/lmr/m/it on input line 33.
LaTeX Font Info:    Overwriting math alphabet `\mathtt' in version `normal'
(Font)                  OT1/cmtt/m/n --> OT1/lmtt/m/n on input line 34.
LaTeX Font Info:    Overwriting math alphabet `\mathbf' in version `bold'
(Font)                  OT1/cmr/bx/n --> OT1/lmr/bx/n on input line 35.
LaTeX Font Info:    Overwriting math alphabet `\mathsf' in version `bold'
(Font)                  OT1/cmss/bx/n --> OT1/lmss/bx/n on input line 36.
LaTeX Font Info:    Overwriting math alphabet `\mathit' in version `bold'
(Font)                  OT1/cmr/bx/it --> OT1/lmr/bx/it on input line 37.
LaTeX Font Info:    Overwriting math alphabet `\mathtt' in version `bold'
(Font)                  OT1/cmtt/m/n --> OT1/lmtt/m/n on input line 38.
) (C:\Users\uzivatel\AppData\Local\Programs\MiKTeX\tex/latex/base\inputenc.sty
Package: inputenc 2021/02/14 v1.3d Input encoding file
\inpenc@prehook=\toks16
\inpenc@posthook=\toks17
) (C:\Users\uzivatel\AppData\Local\Programs\MiKTeX\tex/generic/babel\babel.sty
Package: babel 2022/10/23 3.82 The Babel package
\babel@savecnt=\count194
\U@D=\dimen141
\l@unhyphenated=\language79
 (C:\Users\uzivatel\AppData\Local\Programs\MiKTeX\tex/generic/babel\txtbabel.def)
\bbl@readstream=\read2
\bbl@dirlevel=\count195

*************************************
* Local config file bblopts.cfg used
*
(C:\Users\uzivatel\AppData\Local\Programs\MiKTeX\tex/latex/arabi\bblopts.cfg
File: bblopts.cfg 2005/09/08 v0.1 add Arabic and Farsi to "declared" options of babel
) (C:\Users\uzivatel\AppData\Local\Programs\MiKTeX\tex/latex/babel-czech\czech.ldf
Language: czech 2008/07/06 v3.1a Czech support from the babel system
Package babel Info: Making " an active character on input line 172.
\cs@wordlen=\count196
Package babel Info: Making - an active character on input line 226.
)) (C:\Users\uzivatel\AppData\Local\Programs\MiKTeX\tex/generic/babel/locale/cs\babel-czech.tex
Package babel Info: Importing font and identification data for czech
(babel)             from babel-cs.ini. Reported on input line 11.
) (C:\Users\uzivatel\AppData\Local\Programs\MiKTeX\tex/latex/geometry\geometry.sty
Package: geometry 2020/01/02 v5.9 Page Geometry
 (C:\Users\uzivatel\AppData\Local\Programs\MiKTeX\tex/latex/graphics\keyval.sty
Package: keyval 2022/05/29 v1.15 key=value parser (DPC)
\KV@toks@=\toks18
) (C:\Users\uzivatel\AppData\Local\Programs\MiKTeX\tex/generic/iftex\ifvtex.sty
Package: ifvtex 2019/10/25 v1.7 ifvtex legacy package. Use iftex instead.
 (C:\Users\uzivatel\AppData\Local\Programs\MiKTeX\tex/generic/iftex\iftex.sty
Package: iftex 2022/02/03 v1.0f TeX engine tests
))
\Gm@cnth=\count197
\Gm@cntv=\count198
\c@Gm@tempcnt=\count199
\Gm@bindingoffset=\dimen142
\Gm@wd@mp=\dimen143
\Gm@odd@mp=\dimen144
\Gm@even@mp=\dimen145
\Gm@layoutwidth=\dimen146
\Gm@layoutheight=\dimen147
\Gm@layouthoffset=\dimen148
\Gm@layoutvoffset=\dimen149
\Gm@dimlist=\toks19
 (C:\Users\uzivatel\AppData\Local\Programs\MiKTeX\tex/latex/geometry\geometry.cfg)) (C:\Users\uzivatel\AppData\Local\Programs\MiKTeX\tex/latex/pdfpages\pdfpages.sty
Package: pdfpages 2022/10/09 v0.5w Insert pages of external PDF documents (AM)
 (C:\Users\uzivatel\AppData\Local\Programs\MiKTeX\tex/latex/base\ifthen.sty
Package: ifthen 2022/04/13 v1.1d Standard LaTeX ifthen package (DPC)
) (C:\Users\uzivatel\AppData\Local\Programs\MiKTeX\tex/latex/tools\calc.sty
Package: calc 2017/05/25 v4.3 Infix arithmetic (KKT,FJ)
\calc@Acount=\count266
\calc@Bcount=\count267
\calc@Adimen=\dimen150
\calc@Bdimen=\dimen151
\calc@Askip=\skip49
\calc@Bskip=\skip50
LaTeX Info: Redefining \setlength on input line 80.
LaTeX Info: Redefining \addtolength on input line 81.
\calc@Ccount=\count268
\calc@Cskip=\skip51
) (C:\Users\uzivatel\AppData\Local\Programs\MiKTeX\tex/latex/eso-pic\eso-pic.sty
Package: eso-pic 2020/10/14 v3.0a eso-pic (RN)
\ESO@tempdima=\dimen152
\ESO@tempdimb=\dimen153
) (C:\Users\uzivatel\AppData\Local\Programs\MiKTeX\tex/latex/graphics\graphicx.sty
Package: graphicx 2021/09/16 v1.2d Enhanced LaTeX Graphics (DPC,SPQR)
 (C:\Users\uzivatel\AppData\Local\Programs\MiKTeX\tex/latex/graphics\graphics.sty
Package: graphics 2022/03/10 v1.4e Standard LaTeX Graphics (DPC,SPQR)
 (C:\Users\uzivatel\AppData\Local\Programs\MiKTeX\tex/latex/graphics\trig.sty
Package: trig 2021/08/11 v1.11 sin cos tan (DPC)
) (C:\Users\uzivatel\AppData\Local\Programs\MiKTeX\tex/latex/graphics-cfg\graphics.cfg
File: graphics.cfg 2016/06/04 v1.11 sample graphics configuration
)
Package graphics Info: Driver file: pdftex.def on input line 107.
)
\Gin@req@height=\dimen154
\Gin@req@width=\dimen155
)
\AM@pagewidth=\dimen156
\AM@pageheight=\dimen157
\AM@fboxrule=\dimen158
 (C:\Users\uzivatel\AppData\Local\Programs\MiKTeX\tex/latex/pdfpages\pppdftex.def
File: pppdftex.def 2022/10/09 v0.5w Pdfpages driver for pdfTeX (AM)
)
\pdfpages@includegraphics@status=\count269
\AM@pagebox=\box51
\AM@global@opts=\toks20
\AM@pagecnt=\count270
\AM@toc@title=\toks21
\c@AM@survey=\count271
\AM@templatesizebox=\box52
) (C:\Users\uzivatel\AppData\Local\Programs\MiKTeX\tex/latex/hyperref\hyperref.sty
Package: hyperref 2022-09-22 v7.00t Hypertext links for LaTeX
 (C:\Users\uzivatel\AppData\Local\Programs\MiKTeX\tex/generic/ltxcmds\ltxcmds.sty
Package: ltxcmds 2020-05-10 v1.25 LaTeX kernel commands for general use (HO)
) (C:\Users\uzivatel\AppData\Local\Programs\MiKTeX\tex/generic/pdftexcmds\pdftexcmds.sty
Package: pdftexcmds 2020-06-27 v0.33 Utility functions of pdfTeX for LuaTeX (HO)
 (C:\Users\uzivatel\AppData\Local\Programs\MiKTeX\tex/generic/infwarerr\infwarerr.sty
Package: infwarerr 2019/12/03 v1.5 Providing info/warning/error messages (HO)
)
Package pdftexcmds Info: \pdf@primitive is available.
Package pdftexcmds Info: \pdf@ifprimitive is available.
Package pdftexcmds Info: \pdfdraftmode found.
) (C:\Users\uzivatel\AppData\Local\Programs\MiKTeX\tex/latex/kvsetkeys\kvsetkeys.sty
Package: kvsetkeys 2022-10-05 v1.19 Key value parser (HO)
) (C:\Users\uzivatel\AppData\Local\Programs\MiKTeX\tex/generic/kvdefinekeys\kvdefinekeys.sty
Package: kvdefinekeys 2019-12-19 v1.6 Define keys (HO)
) (C:\Users\uzivatel\AppData\Local\Programs\MiKTeX\tex/generic/pdfescape\pdfescape.sty
Package: pdfescape 2019/12/09 v1.15 Implements pdfTeX's escape features (HO)
) (C:\Users\uzivatel\AppData\Local\Programs\MiKTeX\tex/latex/hycolor\hycolor.sty
Package: hycolor 2020-01-27 v1.10 Color options for hyperref/bookmark (HO)
) (C:\Users\uzivatel\AppData\Local\Programs\MiKTeX\tex/latex/letltxmacro\letltxmacro.sty
Package: letltxmacro 2019/12/03 v1.6 Let assignment for LaTeX macros (HO)
) (C:\Users\uzivatel\AppData\Local\Programs\MiKTeX\tex/latex/auxhook\auxhook.sty
Package: auxhook 2019-12-17 v1.6 Hooks for auxiliary files (HO)
) (C:\Users\uzivatel\AppData\Local\Programs\MiKTeX\tex/latex/hyperref\nameref.sty
Package: nameref 2022-05-17 v2.50 Cross-referencing by name of section
 (C:\Users\uzivatel\AppData\Local\Programs\MiKTeX\tex/latex/refcount\refcount.sty
Package: refcount 2019/12/15 v3.6 Data extraction from label references (HO)
) (C:\Users\uzivatel\AppData\Local\Programs\MiKTeX\tex/generic/gettitlestring\gettitlestring.sty
Package: gettitlestring 2019/12/15 v1.6 Cleanup title references (HO)
 (C:\Users\uzivatel\AppData\Local\Programs\MiKTeX\tex/latex/kvoptions\kvoptions.sty
Package: kvoptions 2022-06-15 v3.15 Key value format for package options (HO)
))
\c@section@level=\count272
)
\@linkdim=\dimen159
\Hy@linkcounter=\count273
\Hy@pagecounter=\count274
 (C:\Users\uzivatel\AppData\Local\Programs\MiKTeX\tex/latex/hyperref\pd1enc.def
File: pd1enc.def 2022-09-22 v7.00t Hyperref: PDFDocEncoding definition (HO)
Now handling font encoding PD1 ...
... no UTF-8 mapping file for font encoding PD1
) (C:\Users\uzivatel\AppData\Local\Programs\MiKTeX\tex/generic/intcalc\intcalc.sty
Package: intcalc 2019/12/15 v1.3 Expandable calculations with integers (HO)
) (C:\Users\uzivatel\AppData\Local\Programs\MiKTeX\tex/generic/etexcmds\etexcmds.sty
Package: etexcmds 2019/12/15 v1.7 Avoid name clashes with e-TeX commands (HO)
)
\Hy@SavedSpaceFactor=\count275
 (C:\Users\uzivatel\AppData\Local\Programs\MiKTeX\tex/latex/hyperref\puenc.def
File: puenc.def 2022-09-22 v7.00t Hyperref: PDF Unicode definition (HO)
Now handling font encoding PU ...
... no UTF-8 mapping file for font encoding PU
)
Package hyperref Info: Hyper figures OFF on input line 4162.
Package hyperref Info: Link nesting OFF on input line 4167.
Package hyperref Info: Hyper index ON on input line 4170.
Package hyperref Info: Plain pages OFF on input line 4177.
Package hyperref Info: Backreferencing OFF on input line 4182.
Package hyperref Info: Implicit mode ON; LaTeX internals redefined.
Package hyperref Info: Bookmarks ON on input line 4410.
\c@Hy@tempcnt=\count276
 (C:\Users\uzivatel\AppData\Local\Programs\MiKTeX\tex/latex/url\url.sty
\Urlmuskip=\muskip16
Package: url 2013/09/16  ver 3.4  Verb mode for urls, etc.
)
LaTeX Info: Redefining \url on input line 4748.
\XeTeXLinkMargin=\dimen160
 (C:\Users\uzivatel\AppData\Local\Programs\MiKTeX\tex/generic/bitset\bitset.sty
Package: bitset 2019/12/09 v1.3 Handle bit-vector datatype (HO)
 (C:\Users\uzivatel\AppData\Local\Programs\MiKTeX\tex/generic/bigintcalc\bigintcalc.sty
Package: bigintcalc 2019/12/15 v1.5 Expandable calculations on big integers (HO)
))
\Fld@menulength=\count277
\Field@Width=\dimen161
\Fld@charsize=\dimen162
Package hyperref Info: Hyper figures OFF on input line 6027.
Package hyperref Info: Link nesting OFF on input line 6032.
Package hyperref Info: Hyper index ON on input line 6035.
Package hyperref Info: backreferencing OFF on input line 6042.
Package hyperref Info: Link coloring OFF on input line 6047.
Package hyperref Info: Link coloring with OCG OFF on input line 6052.
Package hyperref Info: PDF/A mode OFF on input line 6057.
 (C:\Users\uzivatel\AppData\Local\Programs\MiKTeX\tex/latex/base\atbegshi-ltx.sty
Package: atbegshi-ltx 2021/01/10 v1.0c Emulation of the original atbegshi
package with kernel methods
)
\Hy@abspage=\count278
\c@Item=\count279
\c@Hfootnote=\count280
)
Package hyperref Info: Driver (autodetected): hpdftex.
 (C:\Users\uzivatel\AppData\Local\Programs\MiKTeX\tex/latex/hyperref\hpdftex.def
File: hpdftex.def 2022-09-22 v7.00t Hyperref driver for pdfTeX
 (C:\Users\uzivatel\AppData\Local\Programs\MiKTeX\tex/latex/base\atveryend-ltx.sty
Package: atveryend-ltx 2020/08/19 v1.0a Emulation of the original atveryend package
with kernel methods
)
\Fld@listcount=\count281
\c@bookmark@seq@number=\count282
 (C:\Users\uzivatel\AppData\Local\Programs\MiKTeX\tex/latex/rerunfilecheck\rerunfilecheck.sty
Package: rerunfilecheck 2022-07-10 v1.10 Rerun checks for auxiliary files (HO)
 (C:\Users\uzivatel\AppData\Local\Programs\MiKTeX\tex/generic/uniquecounter\uniquecounter.sty
Package: uniquecounter 2019/12/15 v1.4 Provide unlimited unique counter (HO)
)
Package uniquecounter Info: New unique counter `rerunfilecheck' on input line 285.
)
\Hy@SectionHShift=\skip52
) (C:\Users\uzivatel\AppData\Local\Programs\MiKTeX\tex/latex/psnfss\pifont.sty
Package: pifont 2020/03/25 PSNFSS-v9.3 Pi font support (SPQR) 
LaTeX Font Info:    Trying to load font information for U+pzd on input line 63.
 (C:\Users\uzivatel\AppData\Local\Programs\MiKTeX\tex/latex/psnfss\upzd.fd
File: upzd.fd 2001/06/04 font definitions for U/pzd.
)
LaTeX Font Info:    Trying to load font information for U+psy on input line 64.
 (C:\Users\uzivatel\AppData\Local\Programs\MiKTeX\tex/latex/psnfss\upsy.fd
File: upsy.fd 2001/06/04 font definitions for U/psy.
)) (C:\Users\uzivatel\AppData\Local\Programs\MiKTeX\tex/latex/tools\tabularx.sty
Package: tabularx 2020/01/15 v2.11c `tabularx' package (DPC)
 (C:\Users\uzivatel\AppData\Local\Programs\MiKTeX\tex/latex/tools\array.sty
Package: array 2022/03/10 v2.5f Tabular extension package (FMi)
\col@sep=\dimen163
\ar@mcellbox=\box53
\extrarowheight=\dimen164
\NC@list=\toks22
\extratabsurround=\skip53
\backup@length=\skip54
\ar@cellbox=\box54
)
\TX@col@width=\dimen165
\TX@old@table=\dimen166
\TX@old@col=\dimen167
\TX@target=\dimen168
\TX@delta=\dimen169
\TX@cols=\count283
\TX@ftn=\toks23
) (C:\Users\uzivatel\AppData\Local\Programs\MiKTeX\tex/latex/tools\longtable.sty
Package: longtable 2021-09-01 v4.17 Multi-page Table package (DPC)
\LTleft=\skip55
\LTright=\skip56
\LTpre=\skip57
\LTpost=\skip58
\LTchunksize=\count284
\LTcapwidth=\dimen170
\LT@head=\box55
\LT@firsthead=\box56
\LT@foot=\box57
\LT@lastfoot=\box58
\LT@gbox=\box59
\LT@cols=\count285
\LT@rows=\count286
\c@LT@tables=\count287
\c@LT@chunks=\count288
\LT@p@ftn=\toks24
) (C:\Users\uzivatel\AppData\Local\Programs\MiKTeX\tex/latex/booktabs\booktabs.sty
Package: booktabs 2020/01/12 v1.61803398 Publication quality tables
\heavyrulewidth=\dimen171
\lightrulewidth=\dimen172
\cmidrulewidth=\dimen173
\belowrulesep=\dimen174
\belowbottomsep=\dimen175
\aboverulesep=\dimen176
\abovetopsep=\dimen177
\cmidrulesep=\dimen178
\cmidrulekern=\dimen179
\defaultaddspace=\dimen180
\@cmidla=\count289
\@cmidlb=\count290
\@aboverulesep=\dimen181
\@belowrulesep=\dimen182
\@thisruleclass=\count291
\@lastruleclass=\count292
\@thisrulewidth=\dimen183
) (C:\Users\uzivatel\AppData\Local\Programs\MiKTeX\tex/latex/makecell\makecell.sty
Package: makecell 2009/08/03 V0.1e Managing of Tab Column Heads and Cells
\rotheadsize=\dimen184
\c@nlinenum=\count293
\TeXr@lab=\toks25
) (C:\Users\uzivatel\AppData\Local\Programs\MiKTeX\tex/latex/caption\caption.sty
Package: caption 2023/03/12 v3.6j Customizing captions (AR)
 (C:\Users\uzivatel\AppData\Local\Programs\MiKTeX\tex/latex/caption\caption3.sty
Package: caption3 2023/03/12 v2.4 caption3 kernel (AR)
\caption@tempdima=\dimen185
\captionmargin=\dimen186
\caption@leftmargin=\dimen187
\caption@rightmargin=\dimen188
\caption@width=\dimen189
\caption@indent=\dimen190
\caption@parindent=\dimen191
\caption@hangindent=\dimen192
Package caption Info: Standard document class detected.
)
\c@caption@flags=\count294
\c@continuedfloat=\count295
Package caption Info: hyperref package is loaded.
Package caption Info: longtable package is loaded.
 (C:\Users\uzivatel\AppData\Local\Programs\MiKTeX\tex/latex/caption\ltcaption.sty
Package: ltcaption 2021/01/08 v1.4c longtable captions (AR)
)) (C:\Users\uzivatel\AppData\Local\Programs\MiKTeX\tex/latex/listings\listings.sty
\lst@mode=\count296
\lst@gtempboxa=\box60
\lst@token=\toks26
\lst@length=\count297
\lst@currlwidth=\dimen193
\lst@column=\count298
\lst@pos=\count299
\lst@lostspace=\dimen194
\lst@width=\dimen195
\lst@newlines=\count300
\lst@lineno=\count301
\lst@maxwidth=\dimen196
 (C:\Users\uzivatel\AppData\Local\Programs\MiKTeX\tex/latex/listings\lstmisc.sty
File: lstmisc.sty 2020/03/24 1.8d (Carsten Heinz)
\c@lstnumber=\count302
\lst@skipnumbers=\count303
\lst@framebox=\box61
) (C:\Users\uzivatel\AppData\Local\Programs\MiKTeX\tex/latex/listings\listings.cfg
File: listings.cfg 2020/03/24 1.8d listings configuration
))
Package: listings 2020/03/24 1.8d (Carsten Heinz)
 (C:\Users\uzivatel\AppData\Local\Programs\MiKTeX\tex/latex/amsmath\amsmath.sty
Package: amsmath 2022/04/08 v2.17n AMS math features
\@mathmargin=\skip59

For additional information on amsmath, use the `?' option.
(C:\Users\uzivatel\AppData\Local\Programs\MiKTeX\tex/latex/amsmath\amstext.sty
Package: amstext 2021/08/26 v2.01 AMS text
 (C:\Users\uzivatel\AppData\Local\Programs\MiKTeX\tex/latex/amsmath\amsgen.sty
File: amsgen.sty 1999/11/30 v2.0 generic functions
\@emptytoks=\toks27
\ex@=\dimen197
)) (C:\Users\uzivatel\AppData\Local\Programs\MiKTeX\tex/latex/amsmath\amsbsy.sty
Package: amsbsy 1999/11/29 v1.2d Bold Symbols
\pmbraise@=\dimen198
) (C:\Users\uzivatel\AppData\Local\Programs\MiKTeX\tex/latex/amsmath\amsopn.sty
Package: amsopn 2022/04/08 v2.04 operator names
)
\inf@bad=\count304
LaTeX Info: Redefining \frac on input line 234.
\uproot@=\count305
\leftroot@=\count306
LaTeX Info: Redefining \overline on input line 399.
LaTeX Info: Redefining \colon on input line 410.
\classnum@=\count307
\DOTSCASE@=\count308
LaTeX Info: Redefining \ldots on input line 496.
LaTeX Info: Redefining \dots on input line 499.
LaTeX Info: Redefining \cdots on input line 620.
\Mathstrutbox@=\box62
\strutbox@=\box63
LaTeX Info: Redefining \big on input line 722.
LaTeX Info: Redefining \Big on input line 723.
LaTeX Info: Redefining \bigg on input line 724.
LaTeX Info: Redefining \Bigg on input line 725.
\big@size=\dimen199
LaTeX Font Info:    Redeclaring font encoding OML on input line 743.
LaTeX Font Info:    Redeclaring font encoding OMS on input line 744.
\macc@depth=\count309
LaTeX Info: Redefining \bmod on input line 905.
LaTeX Info: Redefining \pmod on input line 910.
LaTeX Info: Redefining \smash on input line 940.
LaTeX Info: Redefining \relbar on input line 970.
LaTeX Info: Redefining \Relbar on input line 971.
\c@MaxMatrixCols=\count310
\dotsspace@=\muskip17
\c@parentequation=\count311
\dspbrk@lvl=\count312
\tag@help=\toks28
\row@=\count313
\column@=\count314
\maxfields@=\count315
\andhelp@=\toks29
\eqnshift@=\dimen256
\alignsep@=\dimen257
\tagshift@=\dimen258
\tagwidth@=\dimen259
\totwidth@=\dimen260
\lineht@=\dimen261
\@envbody=\toks30
\multlinegap=\skip60
\multlinetaggap=\skip61
\mathdisplay@stack=\toks31
LaTeX Info: Redefining \[ on input line 2953.
LaTeX Info: Redefining \] on input line 2954.
) (C:\Users\uzivatel\AppData\Local\Programs\MiKTeX\tex/latex/amsfonts\amsfonts.sty
Package: amsfonts 2013/01/14 v3.01 Basic AMSFonts support
\symAMSa=\mathgroup4
\symAMSb=\mathgroup5
LaTeX Font Info:    Redeclaring math symbol \hbar on input line 98.
LaTeX Font Info:    Overwriting math alphabet `\mathfrak' in version `bold'
(Font)                  U/euf/m/n --> U/euf/b/n on input line 106.
) (C:\Users\uzivatel\AppData\Local\Programs\MiKTeX\tex/latex/amsfonts\amssymb.sty
Package: amssymb 2013/01/14 v3.01 AMS font symbols
) (C:\Users\uzivatel\AppData\Local\Programs\MiKTeX\tex/latex/tools\bm.sty
Package: bm 2022/01/05 v1.2f Bold Symbol Support (DPC/FMi)
\symboldoperators=\mathgroup6
\symboldletters=\mathgroup7
\symboldsymbols=\mathgroup8
Package bm Info: No bold for \OMX/lmex/m/n, using \pmb.
Package bm Info: No bold for \U/msa/m/n, using \pmb.
Package bm Info: No bold for \U/msb/m/n, using \pmb.
LaTeX Font Info:    Redeclaring math alphabet \mathbf on input line 149.
) (C:\Users\uzivatel\AppData\Local\Programs\MiKTeX\tex/latex/threeparttable\threeparttable.sty
Package: threeparttable 2003/06/13  v 3.0
\@tempboxb=\box64
) (C:\Users\uzivatel\AppData\Local\Programs\MiKTeX\tex/latex/csquotes\csquotes.sty
Package: csquotes 2022-09-14 v5.2n context-sensitive quotations (JAW)
 (C:\Users\uzivatel\AppData\Local\Programs\MiKTeX\tex/latex/etoolbox\etoolbox.sty
Package: etoolbox 2020/10/05 v2.5k e-TeX tools for LaTeX (JAW)
\etb@tempcnta=\count316
)
\csq@reset=\count317
\csq@gtype=\count318
\csq@glevel=\count319
\csq@qlevel=\count320
\csq@maxlvl=\count321
\csq@tshold=\count322
\csq@ltx@everypar=\toks32
 (C:\Users\uzivatel\AppData\Local\Programs\MiKTeX\tex/latex/csquotes\csquotes.def
File: csquotes.def 2022-09-14 v5.2n csquotes generic definitions (JAW)
)
Package csquotes Info: Trying to load configuration file 'csquotes.cfg'...
Package csquotes Info: ... configuration file loaded successfully.
 (C:\Users\uzivatel\AppData\Local\Programs\MiKTeX\tex/latex/csquotes\csquotes.cfg
File: csquotes.cfg 
))
Package csquotes Info: Allocating character ".
 (tex/makra.tex (C:\Users\uzivatel\AppData\Local\Programs\MiKTeX\tex/latex/mdframed\mdframed.sty
Package: mdframed 2013/07/01 1.9b: mdframed
 (C:\Users\uzivatel\AppData\Local\Programs\MiKTeX\tex/latex/l3packages/xparse\xparse.sty (C:\Users\uzivatel\AppData\Local\Programs\MiKTeX\tex/latex/l3kernel\expl3.sty
Package: expl3 2022-10-26 L3 programming layer (loader) 
 (C:\Users\uzivatel\AppData\Local\Programs\MiKTeX\tex/latex/l3backend\l3backend-pdftex.def
File: l3backend-pdftex.def 2022-10-26 L3 backend support: PDF output (pdfTeX)
\l__color_backend_stack_int=\count323
\l__pdf_internal_box=\box65
))
Package: xparse 2022-06-22 L3 Experimental document command parser
) (C:\Users\uzivatel\AppData\Local\Programs\MiKTeX\tex/latex/zref\zref-abspage.sty
Package: zref-abspage 2022-04-07 v2.34 Module abspage for zref (HO)
 (C:\Users\uzivatel\AppData\Local\Programs\MiKTeX\tex/latex/zref\zref-base.sty
Package: zref-base 2022-04-07 v2.34 Module base for zref (HO)
Package zref Info: New property list: main on input line 767.
Package zref Info: New property: default on input line 768.
Package zref Info: New property: page on input line 769.
)
\c@abspage=\count324
Package zref Info: New property: abspage on input line 65.
) (C:\Users\uzivatel\AppData\Local\Programs\MiKTeX\tex/latex/needspace\needspace.sty
Package: needspace 2010/09/12 v1.3d reserve vertical space
)
\mdf@templength=\skip62
\c@mdf@globalstyle@cnt=\count325
\mdf@skipabove@length=\skip63
\mdf@skipbelow@length=\skip64
\mdf@leftmargin@length=\skip65
\mdf@rightmargin@length=\skip66
\mdf@innerleftmargin@length=\skip67
\mdf@innerrightmargin@length=\skip68
\mdf@innertopmargin@length=\skip69
\mdf@innerbottommargin@length=\skip70
\mdf@splittopskip@length=\skip71
\mdf@splitbottomskip@length=\skip72
\mdf@outermargin@length=\skip73
\mdf@innermargin@length=\skip74
\mdf@linewidth@length=\skip75
\mdf@innerlinewidth@length=\skip76
\mdf@middlelinewidth@length=\skip77
\mdf@outerlinewidth@length=\skip78
\mdf@roundcorner@length=\skip79
\mdf@footenotedistance@length=\skip80
\mdf@userdefinedwidth@length=\skip81
\mdf@needspace@length=\skip82
\mdf@frametitleaboveskip@length=\skip83
\mdf@frametitlebelowskip@length=\skip84
\mdf@frametitlerulewidth@length=\skip85
\mdf@frametitleleftmargin@length=\skip86
\mdf@frametitlerightmargin@length=\skip87
\mdf@shadowsize@length=\skip88
\mdf@extratopheight@length=\skip89
\mdf@subtitleabovelinewidth@length=\skip90
\mdf@subtitlebelowlinewidth@length=\skip91
\mdf@subtitleaboveskip@length=\skip92
\mdf@subtitlebelowskip@length=\skip93
\mdf@subtitleinneraboveskip@length=\skip94
\mdf@subtitleinnerbelowskip@length=\skip95
\mdf@subsubtitleabovelinewidth@length=\skip96
\mdf@subsubtitlebelowlinewidth@length=\skip97
\mdf@subsubtitleaboveskip@length=\skip98
\mdf@subsubtitlebelowskip@length=\skip99
\mdf@subsubtitleinneraboveskip@length=\skip100
\mdf@subsubtitleinnerbelowskip@length=\skip101
 (C:\Users\uzivatel\AppData\Local\Programs\MiKTeX\tex/latex/mdframed\md-frame-0.mdf
File: md-frame-0.mdf 2013/07/01\ 1.9b: md-frame-0
)
\mdf@frametitlebox=\box66
\mdf@footnotebox=\box67
\mdf@splitbox@one=\box68
\mdf@splitbox@two=\box69
\mdf@splitbox@save=\box70
\mdfsplitboxwidth=\skip102
\mdfsplitboxtotalwidth=\skip103
\mdfsplitboxheight=\skip104
\mdfsplitboxdepth=\skip105
\mdfsplitboxtotalheight=\skip106
\mdfframetitleboxwidth=\skip107
\mdfframetitleboxtotalwidth=\skip108
\mdfframetitleboxheight=\skip109
\mdfframetitleboxdepth=\skip110
\mdfframetitleboxtotalheight=\skip111
\mdffootnoteboxwidth=\skip112
\mdffootnoteboxtotalwidth=\skip113
\mdffootnoteboxheight=\skip114
\mdffootnoteboxdepth=\skip115
\mdffootnoteboxtotalheight=\skip116
\mdftotallinewidth=\skip117
\mdfboundingboxwidth=\skip118
\mdfboundingboxtotalwidth=\skip119
\mdfboundingboxheight=\skip120
\mdfboundingboxdepth=\skip121
\mdfboundingboxtotalheight=\skip122
\mdf@freevspace@length=\skip123
\mdf@horizontalwidthofbox@length=\skip124
\mdf@verticalmarginwhole@length=\skip125
\mdf@horizontalspaceofbox=\skip126
\mdfsubtitleheight=\skip127
\mdfsubsubtitleheight=\skip128
\c@mdfcountframes=\count326

****** mdframed patching \endmdf@trivlist

****** -- success******

\mdf@envdepth=\count327
\c@mdf@env@i=\count328
\c@mdf@env@ii=\count329
\c@mdf@zref@counter=\count330
Package zref Info: New property: mdf@pagevalue on input line 895.
)) (C:\Users\uzivatel\AppData\Local\Programs\MiKTeX\tex/latex/todonotes\todonotes.sty
Package: todonotes 2021/06/04 v1.1.5 Todonotes source and documentation.
Package: todonotes 2021/06/04
 (C:\Users\uzivatel\AppData\Local\Programs\MiKTeX\tex/latex/xkeyval\xkeyval.sty
Package: xkeyval 2022/06/16 v2.9 package option processing (HA)
 (C:\Users\uzivatel\AppData\Local\Programs\MiKTeX\tex/generic/xkeyval\xkeyval.tex (C:\Users\uzivatel\AppData\Local\Programs\MiKTeX\tex/generic/xkeyval\xkvutils.tex
\XKV@toks=\toks33
\XKV@tempa@toks=\toks34
)
\XKV@depth=\count331
File: xkeyval.tex 2014/12/03 v2.7a key=value parser (HA)
)) (C:\Users\uzivatel\AppData\Local\Programs\MiKTeX\tex/latex/pgf/frontendlayer\tikz.sty (C:\Users\uzivatel\AppData\Local\Programs\MiKTeX\tex/latex/pgf/basiclayer\pgf.sty (C:\Users\uzivatel\AppData\Local\Programs\MiKTeX\tex/latex/pgf/utilities\pgfrcs.sty (C:\Users\uzivatel\AppData\Local\Programs\MiKTeX\tex/generic/pgf/utilities\pgfutil-common.tex
\pgfutil@everybye=\toks35
\pgfutil@tempdima=\dimen262
\pgfutil@tempdimb=\dimen263
 (C:\Users\uzivatel\AppData\Local\Programs\MiKTeX\tex/generic/pgf/utilities\pgfutil-common-lists.tex)) (C:\Users\uzivatel\AppData\Local\Programs\MiKTeX\tex/generic/pgf/utilities\pgfutil-latex.def
\pgfutil@abb=\box71
) (C:\Users\uzivatel\AppData\Local\Programs\MiKTeX\tex/generic/pgf/utilities\pgfrcs.code.tex (C:\Users\uzivatel\AppData\Local\Programs\MiKTeX\tex/generic/pgf\pgf.revision.tex)
Package: pgfrcs 2021/05/15 v3.1.9a (3.1.9a)
))
Package: pgf 2021/05/15 v3.1.9a (3.1.9a)
 (C:\Users\uzivatel\AppData\Local\Programs\MiKTeX\tex/latex/pgf/basiclayer\pgfcore.sty (C:\Users\uzivatel\AppData\Local\Programs\MiKTeX\tex/latex/pgf/systemlayer\pgfsys.sty (C:\Users\uzivatel\AppData\Local\Programs\MiKTeX\tex/generic/pgf/systemlayer\pgfsys.code.tex
Package: pgfsys 2021/05/15 v3.1.9a (3.1.9a)
 (C:\Users\uzivatel\AppData\Local\Programs\MiKTeX\tex/generic/pgf/utilities\pgfkeys.code.tex
\pgfkeys@pathtoks=\toks36
\pgfkeys@temptoks=\toks37
 (C:\Users\uzivatel\AppData\Local\Programs\MiKTeX\tex/generic/pgf/utilities\pgfkeysfiltered.code.tex
\pgfkeys@tmptoks=\toks38
))
\pgf@x=\dimen264
\pgf@y=\dimen265
\pgf@xa=\dimen266
\pgf@ya=\dimen267
\pgf@xb=\dimen268
\pgf@yb=\dimen269
\pgf@xc=\dimen270
\pgf@yc=\dimen271
\pgf@xd=\dimen272
\pgf@yd=\dimen273
\w@pgf@writea=\write3
\r@pgf@reada=\read3
\c@pgf@counta=\count332
\c@pgf@countb=\count333
\c@pgf@countc=\count334
\c@pgf@countd=\count335
\t@pgf@toka=\toks39
\t@pgf@tokb=\toks40
\t@pgf@tokc=\toks41
\pgf@sys@id@count=\count336
 (C:\Users\uzivatel\AppData\Local\Programs\MiKTeX\tex/generic/pgf/systemlayer\pgf.cfg
File: pgf.cfg 2021/05/15 v3.1.9a (3.1.9a)
)
Driver file for pgf: pgfsys-pdftex.def
 (C:\Users\uzivatel\AppData\Local\Programs\MiKTeX\tex/generic/pgf/systemlayer\pgfsys-pdftex.def
File: pgfsys-pdftex.def 2021/05/15 v3.1.9a (3.1.9a)
 (C:\Users\uzivatel\AppData\Local\Programs\MiKTeX\tex/generic/pgf/systemlayer\pgfsys-common-pdf.def
File: pgfsys-common-pdf.def 2021/05/15 v3.1.9a (3.1.9a)
))) (C:\Users\uzivatel\AppData\Local\Programs\MiKTeX\tex/generic/pgf/systemlayer\pgfsyssoftpath.code.tex
File: pgfsyssoftpath.code.tex 2021/05/15 v3.1.9a (3.1.9a)
\pgfsyssoftpath@smallbuffer@items=\count337
\pgfsyssoftpath@bigbuffer@items=\count338
) (C:\Users\uzivatel\AppData\Local\Programs\MiKTeX\tex/generic/pgf/systemlayer\pgfsysprotocol.code.tex
File: pgfsysprotocol.code.tex 2021/05/15 v3.1.9a (3.1.9a)
)) (C:\Users\uzivatel\AppData\Local\Programs\MiKTeX\tex/generic/pgf/basiclayer\pgfcore.code.tex
Package: pgfcore 2021/05/15 v3.1.9a (3.1.9a)
 (C:\Users\uzivatel\AppData\Local\Programs\MiKTeX\tex/generic/pgf/math\pgfmath.code.tex (C:\Users\uzivatel\AppData\Local\Programs\MiKTeX\tex/generic/pgf/math\pgfmathcalc.code.tex (C:\Users\uzivatel\AppData\Local\Programs\MiKTeX\tex/generic/pgf/math\pgfmathutil.code.tex) (C:\Users\uzivatel\AppData\Local\Programs\MiKTeX\tex/generic/pgf/math\pgfmathparser.code.tex
\pgfmath@dimen=\dimen274
\pgfmath@count=\count339
\pgfmath@box=\box72
\pgfmath@toks=\toks42
\pgfmath@stack@operand=\toks43
\pgfmath@stack@operation=\toks44
) (C:\Users\uzivatel\AppData\Local\Programs\MiKTeX\tex/generic/pgf/math\pgfmathfunctions.code.tex (C:\Users\uzivatel\AppData\Local\Programs\MiKTeX\tex/generic/pgf/math\pgfmathfunctions.basic.code.tex) (C:\Users\uzivatel\AppData\Local\Programs\MiKTeX\tex/generic/pgf/math\pgfmathfunctions.trigonometric.code.tex) (C:\Users\uzivatel\AppData\Local\Programs\MiKTeX\tex/generic/pgf/math\pgfmathfunctions.random.code.tex) (C:\Users\uzivatel\AppData\Local\Programs\MiKTeX\tex/generic/pgf/math\pgfmathfunctions.comparison.code.tex) (C:\Users\uzivatel\AppData\Local\Programs\MiKTeX\tex/generic/pgf/math\pgfmathfunctions.base.code.tex) (C:\Users\uzivatel\AppData\Local\Programs\MiKTeX\tex/generic/pgf/math\pgfmathfunctions.round.code.tex) (C:\Users\uzivatel\AppData\Local\Programs\MiKTeX\tex/generic/pgf/math\pgfmathfunctions.misc.code.tex) (C:\Users\uzivatel\AppData\Local\Programs\MiKTeX\tex/generic/pgf/math\pgfmathfunctions.integerarithmetics.code.tex))) (C:\Users\uzivatel\AppData\Local\Programs\MiKTeX\tex/generic/pgf/math\pgfmathfloat.code.tex
\c@pgfmathroundto@lastzeros=\count340
)) (C:\Users\uzivatel\AppData\Local\Programs\MiKTeX\tex/generic/pgf/math\pgfint.code.tex) (C:\Users\uzivatel\AppData\Local\Programs\MiKTeX\tex/generic/pgf/basiclayer\pgfcorepoints.code.tex
File: pgfcorepoints.code.tex 2021/05/15 v3.1.9a (3.1.9a)
\pgf@picminx=\dimen275
\pgf@picmaxx=\dimen276
\pgf@picminy=\dimen277
\pgf@picmaxy=\dimen278
\pgf@pathminx=\dimen279
\pgf@pathmaxx=\dimen280
\pgf@pathminy=\dimen281
\pgf@pathmaxy=\dimen282
\pgf@xx=\dimen283
\pgf@xy=\dimen284
\pgf@yx=\dimen285
\pgf@yy=\dimen286
\pgf@zx=\dimen287
\pgf@zy=\dimen288
) (C:\Users\uzivatel\AppData\Local\Programs\MiKTeX\tex/generic/pgf/basiclayer\pgfcorepathconstruct.code.tex
File: pgfcorepathconstruct.code.tex 2021/05/15 v3.1.9a (3.1.9a)
\pgf@path@lastx=\dimen289
\pgf@path@lasty=\dimen290
) (C:\Users\uzivatel\AppData\Local\Programs\MiKTeX\tex/generic/pgf/basiclayer\pgfcorepathusage.code.tex
File: pgfcorepathusage.code.tex 2021/05/15 v3.1.9a (3.1.9a)
\pgf@shorten@end@additional=\dimen291
\pgf@shorten@start@additional=\dimen292
) (C:\Users\uzivatel\AppData\Local\Programs\MiKTeX\tex/generic/pgf/basiclayer\pgfcorescopes.code.tex
File: pgfcorescopes.code.tex 2021/05/15 v3.1.9a (3.1.9a)
\pgfpic=\box73
\pgf@hbox=\box74
\pgf@layerbox@main=\box75
\pgf@picture@serial@count=\count341
) (C:\Users\uzivatel\AppData\Local\Programs\MiKTeX\tex/generic/pgf/basiclayer\pgfcoregraphicstate.code.tex
File: pgfcoregraphicstate.code.tex 2021/05/15 v3.1.9a (3.1.9a)
\pgflinewidth=\dimen293
) (C:\Users\uzivatel\AppData\Local\Programs\MiKTeX\tex/generic/pgf/basiclayer\pgfcoretransformations.code.tex
File: pgfcoretransformations.code.tex 2021/05/15 v3.1.9a (3.1.9a)
\pgf@pt@x=\dimen294
\pgf@pt@y=\dimen295
\pgf@pt@temp=\dimen296
) (C:\Users\uzivatel\AppData\Local\Programs\MiKTeX\tex/generic/pgf/basiclayer\pgfcorequick.code.tex
File: pgfcorequick.code.tex 2021/05/15 v3.1.9a (3.1.9a)
) (C:\Users\uzivatel\AppData\Local\Programs\MiKTeX\tex/generic/pgf/basiclayer\pgfcoreobjects.code.tex
File: pgfcoreobjects.code.tex 2021/05/15 v3.1.9a (3.1.9a)
) (C:\Users\uzivatel\AppData\Local\Programs\MiKTeX\tex/generic/pgf/basiclayer\pgfcorepathprocessing.code.tex
File: pgfcorepathprocessing.code.tex 2021/05/15 v3.1.9a (3.1.9a)
) (C:\Users\uzivatel\AppData\Local\Programs\MiKTeX\tex/generic/pgf/basiclayer\pgfcorearrows.code.tex
File: pgfcorearrows.code.tex 2021/05/15 v3.1.9a (3.1.9a)
\pgfarrowsep=\dimen297
) (C:\Users\uzivatel\AppData\Local\Programs\MiKTeX\tex/generic/pgf/basiclayer\pgfcoreshade.code.tex
File: pgfcoreshade.code.tex 2021/05/15 v3.1.9a (3.1.9a)
\pgf@max=\dimen298
\pgf@sys@shading@range@num=\count342
\pgf@shadingcount=\count343
) (C:\Users\uzivatel\AppData\Local\Programs\MiKTeX\tex/generic/pgf/basiclayer\pgfcoreimage.code.tex
File: pgfcoreimage.code.tex 2021/05/15 v3.1.9a (3.1.9a)
 (C:\Users\uzivatel\AppData\Local\Programs\MiKTeX\tex/generic/pgf/basiclayer\pgfcoreexternal.code.tex
File: pgfcoreexternal.code.tex 2021/05/15 v3.1.9a (3.1.9a)
\pgfexternal@startupbox=\box76
)) (C:\Users\uzivatel\AppData\Local\Programs\MiKTeX\tex/generic/pgf/basiclayer\pgfcorelayers.code.tex
File: pgfcorelayers.code.tex 2021/05/15 v3.1.9a (3.1.9a)
) (C:\Users\uzivatel\AppData\Local\Programs\MiKTeX\tex/generic/pgf/basiclayer\pgfcoretransparency.code.tex
File: pgfcoretransparency.code.tex 2021/05/15 v3.1.9a (3.1.9a)
) (C:\Users\uzivatel\AppData\Local\Programs\MiKTeX\tex/generic/pgf/basiclayer\pgfcorepatterns.code.tex
File: pgfcorepatterns.code.tex 2021/05/15 v3.1.9a (3.1.9a)
) (C:\Users\uzivatel\AppData\Local\Programs\MiKTeX\tex/generic/pgf/basiclayer\pgfcorerdf.code.tex
File: pgfcorerdf.code.tex 2021/05/15 v3.1.9a (3.1.9a)
))) (C:\Users\uzivatel\AppData\Local\Programs\MiKTeX\tex/generic/pgf/modules\pgfmoduleshapes.code.tex
File: pgfmoduleshapes.code.tex 2021/05/15 v3.1.9a (3.1.9a)
\pgfnodeparttextbox=\box77
) (C:\Users\uzivatel\AppData\Local\Programs\MiKTeX\tex/generic/pgf/modules\pgfmoduleplot.code.tex
File: pgfmoduleplot.code.tex 2021/05/15 v3.1.9a (3.1.9a)
) (C:\Users\uzivatel\AppData\Local\Programs\MiKTeX\tex/latex/pgf/compatibility\pgfcomp-version-0-65.sty
Package: pgfcomp-version-0-65 2021/05/15 v3.1.9a (3.1.9a)
\pgf@nodesepstart=\dimen299
\pgf@nodesepend=\dimen300
) (C:\Users\uzivatel\AppData\Local\Programs\MiKTeX\tex/latex/pgf/compatibility\pgfcomp-version-1-18.sty
Package: pgfcomp-version-1-18 2021/05/15 v3.1.9a (3.1.9a)
)) (C:\Users\uzivatel\AppData\Local\Programs\MiKTeX\tex/latex/pgf/utilities\pgffor.sty (C:\Users\uzivatel\AppData\Local\Programs\MiKTeX\tex/latex/pgf/utilities\pgfkeys.sty (C:\Users\uzivatel\AppData\Local\Programs\MiKTeX\tex/generic/pgf/utilities\pgfkeys.code.tex)) (C:\Users\uzivatel\AppData\Local\Programs\MiKTeX\tex/latex/pgf/math\pgfmath.sty (C:\Users\uzivatel\AppData\Local\Programs\MiKTeX\tex/generic/pgf/math\pgfmath.code.tex)) (C:\Users\uzivatel\AppData\Local\Programs\MiKTeX\tex/generic/pgf/utilities\pgffor.code.tex
Package: pgffor 2021/05/15 v3.1.9a (3.1.9a)
 (C:\Users\uzivatel\AppData\Local\Programs\MiKTeX\tex/generic/pgf/math\pgfmath.code.tex)
\pgffor@iter=\dimen301
\pgffor@skip=\dimen302
\pgffor@stack=\toks45
\pgffor@toks=\toks46
)) (C:\Users\uzivatel\AppData\Local\Programs\MiKTeX\tex/generic/pgf/frontendlayer/tikz\tikz.code.tex
Package: tikz 2021/05/15 v3.1.9a (3.1.9a)
 (C:\Users\uzivatel\AppData\Local\Programs\MiKTeX\tex/generic/pgf/libraries\pgflibraryplothandlers.code.tex
File: pgflibraryplothandlers.code.tex 2021/05/15 v3.1.9a (3.1.9a)
\pgf@plot@mark@count=\count344
\pgfplotmarksize=\dimen303
)
\tikz@lastx=\dimen304
\tikz@lasty=\dimen305
\tikz@lastxsaved=\dimen306
\tikz@lastysaved=\dimen307
\tikz@lastmovetox=\dimen308
\tikz@lastmovetoy=\dimen309
\tikzleveldistance=\dimen310
\tikzsiblingdistance=\dimen311
\tikz@figbox=\box78
\tikz@figbox@bg=\box79
\tikz@tempbox=\box80
\tikz@tempbox@bg=\box81
\tikztreelevel=\count345
\tikznumberofchildren=\count346
\tikznumberofcurrentchild=\count347
\tikz@fig@count=\count348
 (C:\Users\uzivatel\AppData\Local\Programs\MiKTeX\tex/generic/pgf/modules\pgfmodulematrix.code.tex
File: pgfmodulematrix.code.tex 2021/05/15 v3.1.9a (3.1.9a)
\pgfmatrixcurrentrow=\count349
\pgfmatrixcurrentcolumn=\count350
\pgf@matrix@numberofcolumns=\count351
)
\tikz@expandcount=\count352
 (C:\Users\uzivatel\AppData\Local\Programs\MiKTeX\tex/generic/pgf/frontendlayer/tikz/libraries\tikzlibrarytopaths.code.tex
File: tikzlibrarytopaths.code.tex 2021/05/15 v3.1.9a (3.1.9a)
))) (C:\Users\uzivatel\AppData\Local\Programs\MiKTeX\tex/generic/pgf/frontendlayer/tikz/libraries\tikzlibrarypositioning.code.tex
File: tikzlibrarypositioning.code.tex 2021/05/15 v3.1.9a (3.1.9a)
)
\c@@todonotes@numberoftodonotes=\count353
)
Package csquotes Info: Checking for multilingual support...
Package csquotes Info: ... found 'babel' package.
Package csquotes Info: Adjusting default style.
Package csquotes Info: Redefining alias 'default' -> 'czech'.
LaTeX Font Info:    Trying to load font information for OT1+lmr on input line 121.
 (C:\Users\uzivatel\AppData\Local\Programs\MiKTeX\tex/latex/lm\ot1lmr.fd
File: ot1lmr.fd 2015/05/01 v1.6.1 Font defs for Latin Modern
) (DP_Gruberova.aux

LaTeX Warning: Label `obr:PBI:storesSFF' multiply defined.

)
\openout1 = `DP_Gruberova.aux'.

LaTeX Font Info:    Checking defaults for OML/cmm/m/it on input line 121.
LaTeX Font Info:    ... okay on input line 121.
LaTeX Font Info:    Checking defaults for OMS/cmsy/m/n on input line 121.
LaTeX Font Info:    ... okay on input line 121.
LaTeX Font Info:    Checking defaults for OT1/cmr/m/n on input line 121.
LaTeX Font Info:    ... okay on input line 121.
LaTeX Font Info:    Checking defaults for T1/cmr/m/n on input line 121.
LaTeX Font Info:    ... okay on input line 121.
LaTeX Font Info:    Checking defaults for TS1/cmr/m/n on input line 121.
LaTeX Font Info:    ... okay on input line 121.
LaTeX Font Info:    Checking defaults for OMX/cmex/m/n on input line 121.
LaTeX Font Info:    ... okay on input line 121.
LaTeX Font Info:    Checking defaults for U/cmr/m/n on input line 121.
LaTeX Font Info:    ... okay on input line 121.
LaTeX Font Info:    Checking defaults for PD1/pdf/m/n on input line 121.
LaTeX Font Info:    ... okay on input line 121.
LaTeX Font Info:    Checking defaults for PU/pdf/m/n on input line 121.
LaTeX Font Info:    ... okay on input line 121.
 (C:\Users\uzivatel\AppData\Local\Programs\MiKTeX\tex/context/base/mkii\supp-pdf.mkii
[Loading MPS to PDF converter (version 2006.09.02).]
\scratchcounter=\count354
\scratchdimen=\dimen312
\scratchbox=\box82
\nofMPsegments=\count355
\nofMParguments=\count356
\everyMPshowfont=\toks47
\MPscratchCnt=\count357
\MPscratchDim=\dimen313
\MPnumerator=\count358
\makeMPintoPDFobject=\count359
\everyMPtoPDFconversion=\toks48
) (C:\Users\uzivatel\AppData\Local\Programs\MiKTeX\tex/latex/epstopdf-pkg\epstopdf-base.sty
Package: epstopdf-base 2020-01-24 v2.11 Base part for package epstopdf
Package epstopdf-base Info: Redefining graphics rule for `.eps' on input line 485.
 (C:\Users\uzivatel\AppData\Local\Programs\MiKTeX\tex/latex/00miktex\epstopdf-sys.cfg
File: epstopdf-sys.cfg 2021/03/18 v2.0 Configuration of epstopdf for MiKTeX
))
*geometry* driver: auto-detecting
*geometry* detected driver: pdftex
*geometry* verbose mode - [ preamble ] result:
* driver: pdftex
* paper: a4paper
* layout: <same size as paper>
* layoutoffset:(h,v)=(0.0pt,0.0pt)
* hratio: 3:2
* modes: twoside 
* h-part:(L,W,R)=(107.55249pt, 418.25368pt, 71.7017pt)
* v-part:(T,H,B)=(101.40665pt, 591.5302pt, 152.11pt)
* \paperwidth=597.50787pt
* \paperheight=845.04684pt
* \textwidth=426.79134pt
* \textheight=682.86613pt
* \oddsidemargin=35.2825pt
* \evensidemargin=-0.56828pt
* \topmargin=-42.67912pt
* \headheight=12.0pt
* \headsep=19.8738pt
* \topskip=12.0pt
* \footskip=30.0pt
* \marginparwidth=88.0pt
* \marginparsep=7.0pt
* \columnsep=10.0pt
* \skip\footins=10.8pt plus 4.0pt minus 2.0pt
* \hoffset=0.0pt
* \voffset=0.0pt
* \mag=1000
* \@twocolumnfalse
* \@twosidetrue
* \@mparswitchtrue
* \@reversemarginfalse
* (1in=72.27pt=25.4mm, 1cm=28.453pt)

(C:\Users\uzivatel\AppData\Local\Programs\MiKTeX\tex/latex/pdflscape\pdflscape.sty
Package: pdflscape 2019/12/05 v0.12 Display of landscape pages in PDF (HO)
 (C:\Users\uzivatel\AppData\Local\Programs\MiKTeX\tex/latex/graphics\lscape.sty
Package: lscape 2020/05/28 v3.02 Landscape Pages (DPC)
)
Package pdflscape Info: Auto-detected driver: pdftex on input line 81.
)
Package hyperref Info: Link coloring OFF on input line 121.
 (DP_Gruberova.out) (DP_Gruberova.out)
\@outlinefile=\write4
\openout4 = `DP_Gruberova.out'.

Package caption Info: Begin \AtBeginDocument code.
Package caption Info: listings package is loaded.
Package caption Info: threeparttable package is loaded.
Package caption Info: End \AtBeginDocument code.
\c@lstlisting=\count360
Package csquotes Info: Redefining character " on input line 121.
LaTeX Font Info:    Trying to load font information for OML+lmm on input line 132.
 (C:\Users\uzivatel\AppData\Local\Programs\MiKTeX\tex/latex/lm\omllmm.fd
File: omllmm.fd 2015/05/01 v1.6.1 Font defs for Latin Modern
)
LaTeX Font Info:    Trying to load font information for OMS+lmsy on input line 132.
 (C:\Users\uzivatel\AppData\Local\Programs\MiKTeX\tex/latex/lm\omslmsy.fd
File: omslmsy.fd 2015/05/01 v1.6.1 Font defs for Latin Modern
)
LaTeX Font Info:    Trying to load font information for OMX+lmex on input line 132.
 (C:\Users\uzivatel\AppData\Local\Programs\MiKTeX\tex/latex/lm\omxlmex.fd
File: omxlmex.fd 2015/05/01 v1.6.1 Font defs for Latin Modern
)
LaTeX Font Info:    External font `lmex10' loaded for size
(Font)              <12> on input line 132.
LaTeX Font Info:    External font `lmex10' loaded for size
(Font)              <8> on input line 132.
LaTeX Font Info:    External font `lmex10' loaded for size
(Font)              <6> on input line 132.
LaTeX Font Info:    Trying to load font information for U+msa on input line 132.
 (C:\Users\uzivatel\AppData\Local\Programs\MiKTeX\tex/latex/amsfonts\umsa.fd
File: umsa.fd 2013/01/14 v3.01 AMS symbols A
)
LaTeX Font Info:    Trying to load font information for U+msb on input line 132.
 (C:\Users\uzivatel\AppData\Local\Programs\MiKTeX\tex/latex/amsfonts\umsb.fd
File: umsb.fd 2013/01/14 v3.01 AMS symbols B
)
<symbol_cvut_konturova_verze_cb.pdf, id=161, 126.78566pt x 96.54268pt>
File: symbol_cvut_konturova_verze_cb.pdf Graphic file (type pdf)
<use symbol_cvut_konturova_verze_cb.pdf>
Package pdftex.def Info: symbol_cvut_konturova_verze_cb.pdf  used on input line 137.
(pdftex.def)             Requested size: 126.78534pt x 96.54243pt.
LaTeX Font Info:    External font `lmex10' loaded for size
(Font)              <14.4> on input line 148.
LaTeX Font Info:    External font `lmex10' loaded for size
(Font)              <10> on input line 148.
LaTeX Font Info:    External font `lmex10' loaded for size
(Font)              <7> on input line 148.
 [1

{C:/Users/uzivatel/AppData/Local/MiKTeX/fonts/map/pdftex/pdftex.map} <./symbol_cvut_konturova_verze_cb.pdf>] [2


]
<zadaniDP.pdf, id=176, 597.50829pt x 845.0471pt>
File: zadaniDP.pdf Graphic file (type pdf)
<use zadaniDP.pdf>
Package pdftex.def Info: zadaniDP.pdf  used on input line 167.
(pdftex.def)             Requested size: 597.50682pt x 845.04504pt.
File: zadaniDP.pdf Graphic file (type pdf)
<use zadaniDP.pdf>
Package pdftex.def Info: zadaniDP.pdf  used on input line 167.
(pdftex.def)             Requested size: 597.50682pt x 845.04504pt.
File: zadaniDP.pdf Graphic file (type pdf)
<use zadaniDP.pdf>
Package pdftex.def Info: zadaniDP.pdf  used on input line 167.
(pdftex.def)             Requested size: 597.50682pt x 845.04504pt.
<zadaniDP.pdf, id=180, page=1, 597.50829pt x 845.0471pt>
File: zadaniDP.pdf Graphic file (type pdf)
<use zadaniDP.pdf, page 1>
Package pdftex.def Info: zadaniDP.pdf , page1 used on input line 167.
(pdftex.def)             Requested size: 597.50682pt x 845.04504pt.
File: zadaniDP.pdf Graphic file (type pdf)
<use zadaniDP.pdf, page 1>
Package pdftex.def Info: zadaniDP.pdf , page1 used on input line 167.
(pdftex.def)             Requested size: 597.53416pt x 845.08372pt.
File: zadaniDP.pdf Graphic file (type pdf)
<use zadaniDP.pdf, page 1>
Package pdftex.def Info: zadaniDP.pdf , page1 used on input line 167.
(pdftex.def)             Requested size: 597.53416pt x 845.08372pt.
File: zadaniDP.pdf Graphic file (type pdf)
<use zadaniDP.pdf, page 1>
Package pdftex.def Info: zadaniDP.pdf , page1 used on input line 167.
(pdftex.def)             Requested size: 597.53416pt x 845.08372pt.
File: zadaniDP.pdf Graphic file (type pdf)
<use zadaniDP.pdf, page 1>
Package pdftex.def Info: zadaniDP.pdf , page1 used on input line 167.
(pdftex.def)             Requested size: 597.53416pt x 845.08372pt.
 [3 <./zadaniDP.pdf>]
<zadaniDP.pdf, id=206, page=2, 597.50829pt x 845.0471pt>
File: zadaniDP.pdf Graphic file (type pdf)
<use zadaniDP.pdf, page 2>
Package pdftex.def Info: zadaniDP.pdf , page2 used on input line 167.
(pdftex.def)             Requested size: 597.53416pt x 845.08372pt.
File: zadaniDP.pdf Graphic file (type pdf)
<use zadaniDP.pdf, page 2>
Package pdftex.def Info: zadaniDP.pdf , page2 used on input line 167.
(pdftex.def)             Requested size: 597.53416pt x 845.08372pt.
File: zadaniDP.pdf Graphic file (type pdf)
<use zadaniDP.pdf, page 2>
Package pdftex.def Info: zadaniDP.pdf , page2 used on input line 167.
(pdftex.def)             Requested size: 597.53416pt x 845.08372pt.
 [4 <./zadaniDP.pdf>] [5] [6]
\odstavecbox=\box83
\vyskaodstavce=\skip129

Overfull \hbox (55.43954pt too wide) in paragraph at lines 238--257
[][] 
 []

[7] [8

] (DP_Gruberova.toc [9])
\tf@toc=\write5
\openout5 = `DP_Gruberova.toc'.

 [10] (kapitoly/uvod.tex) (kapitoly/teorie.tex [11

] [12

]
Kapitola 1.
LaTeX Font Info:    External font `lmex10' loaded for size
(Font)              <5> on input line 10.

LaTeX Warning: Citation `LW2' on page 13 undefined on input line 14.

[13] [14]
Overfull \hbox (9.30437pt too wide) in paragraph at lines 33--34
\OT1/lmr/m/n/12 trans-port nav^^S^^Pc m^^Wu^^Tze v^^Sest k po^^Tskozen^^S^^P pro-duktu. P^^Tr^^S^^Pkladem to-hoto typu pl^^Sytv^^San^^S^^P
 []


Overfull \hbox (3.13338pt too wide) in paragraph at lines 45--46
\OT1/lmr/m/n/12 skladu, kdy polo^^Tzky, ke kter^^Sym se nej^^Tcast^^Teji p^^Tristupuje, jsou v m^^Sen^^Te p^^Tr^^S^^Pstupn^^Sych
 []

[15]
Overfull \hbox (2.45068pt too wide) in paragraph at lines 65--66
\OT1/lmr/m/n/12 toku. Lze iden-ti-fi-ko-vat i ta-kov^^Se zdroje pl^^Sytv^^San^^S^^P, kter^^Se ne-sou-vi-sej^^S^^P p^^Tr^^S^^Pmo s in-forma^^Tcn^^S^^Pm
 []

[16]
<obrazky/3M.jpg, id=359, 361.35pt x 307.74976pt>
File: obrazky/3M.jpg Graphic file (type jpg)
<use obrazky/3M.jpg>
Package pdftex.def Info: obrazky/3M.jpg  used on input line 77.
(pdftex.def)             Requested size: 384.10959pt x 327.13356pt.


LaTeX Warning: `!h' float specifier changed to `!ht'.

[17]
Overfull \hbox (7.97867pt too wide) in paragraph at lines 90--91
[]\OT1/lmr/m/n/12 V roce 2011 bylo re-a-li-zov^^Sano do-tazn^^S^^Pkov^^Se ^^Tset^^Tren^^S^^P Vy-so-kou ^^Tskolou eko-no-mic-kou v Praze,
 []

) (kapitoly/metody.tex [18 <./obrazky/3M.jpg>]
Kapitola 2.

Overfull \hbox (2.02165pt too wide) in paragraph at lines 16--17
\OT1/lmr/m/n/12 Anal^^Syza hlavn^^S^^Pch kom-po-nent (an-g-licky \OT1/lmr/m/it/12 Prin-ci-pal com-po-nent ana-ly-sis\OT1/lmr/m/n/12 , d^^Sale jako PCA)
 []

[19

]
Overfull \hbox (10.85513pt too wide) in paragraph at lines 33--34
[]\OT1/lmr/m/n/12 Prvn^^S^^P hlavn^^S^^P kom-po-nentu, kter^^Sa po-pi-suje nejv^^Tet^^Ts^^S^^P roz-ptyl dat ozna^^Tc^^S^^Pme $\OML/lmm/m/it/12 y[]$ \OT1/lmr/m/n/12 a vypo^^Tcteme
 []


Overfull \hbox (9.72482pt too wide) in paragraph at lines 68--71
\OT1/lmr/m/n/12 prvn^^S^^P hlavn^^S^^P kom-po-nent^^Te -- druh^^Sa hlavn^^S^^P kom-po-nenta nesm^^S^^P b^^Syt ko-re-lo-van^^Sa s p^^Tredchoz^^S^^P,
 []

<obrazky/PCA.pdf, id=393, 231.74579pt x 167.6664pt>
File: obrazky/PCA.pdf Graphic file (type pdf)
<use obrazky/PCA.pdf>
Package pdftex.def Info: obrazky/PCA.pdf  used on input line 74.
(pdftex.def)             Requested size: 298.75262pt x 216.16772pt.
[20] [21 <./obrazky/PCA.pdf>]
Overfull \hbox (25.47919pt too wide) in paragraph at lines 141--144
\OT1/lmr/m/n/12 ma-tice $\OT1/lmr/bx/n/12 Z$ \OT1/lmr/m/n/12 je vy-tvo^^Trena tak, ^^Tze ka-te-go-rick^^Sa data jsou ro-zeps^^Sana do po-mocn^^Sych prom^^Tenn^^Sych.
 []

[22] [23] [24] [25]
Overfull \hbox (21.52158pt too wide) in paragraph at lines 256--257
\OT1/lmr/m/n/12 line^^Sarn^^S^^P z^^Savislost vysv^^Tetluj^^S^^Pc^^S^^Pch prom^^Tenn^^Sych. Jeli $\OT1/lmr/bx/n/12 A$ \OT1/lmr/m/n/12 ma-tice dat (vysv^^Tetluj^^S^^Pch prom^^Tenn^^Sych
 []

<obrazky/GUHA/GUHA1.pdf, id=519, 209.8239pt x 62.15219pt>
File: obrazky/GUHA/GUHA1.pdf Graphic file (type pdf)
<use obrazky/GUHA/GUHA1.pdf>
Package pdftex.def Info: obrazky/GUHA/GUHA1.pdf  used on input line 277.
(pdftex.def)             Requested size: 213.39566pt x 63.21324pt.
[26]
<obrazky/GUHA/GUHA2.pdf, id=531, 210.7875pt x 94.4328pt>
File: obrazky/GUHA/GUHA2.pdf Graphic file (type pdf)
<use obrazky/GUHA/GUHA2.pdf>
Package pdftex.def Info: obrazky/GUHA/GUHA2.pdf  used on input line 287.
(pdftex.def)             Requested size: 213.39566pt x 95.60258pt.
LaTeX Font Info:    Trying to load font information for TS1+lmr on input line 301.
 (C:\Users\uzivatel\AppData\Local\Programs\MiKTeX\tex/latex/lm\ts1lmr.fd
File: ts1lmr.fd 2015/05/01 v1.6.1 Font defs for Latin Modern
) [27 <./obrazky/GUHA/GUHA1.pdf> <./obrazky/GUHA/GUHA2.pdf>]
Overfull \hbox (3.38776pt too wide) in paragraph at lines 332--334
\OT1/lmr/m/n/12 atri-but. $\OML/lmm/m/it/12 '$ \OT1/lmr/m/n/12 se naz^^Syv^^Sa \OT1/lmr/m/it/12 an-te-ce-dent \OT1/lmr/m/n/12 a $\OML/lmm/m/it/12 ^^^$ \OT1/lmr/m/it/12 suk-ce-dent[][][]\OT1/lmr/m/n/12 . Sym-bol $\OMS/lmsy/m/n/12 ^^Y$ \OT1/lmr/m/n/12 od-pov^^S^^Pd^^Sa \OT1/lmr/m/it/12 4ft-kvantifik^^Satoru\OT1/lmr/m/n/12 ,
 []


Overfull \hbox (6.75342pt too wide) in paragraph at lines 335--336
\OT1/lmr/m/n/12 d^^Sana ma-tice vstupn^^S^^Pch dat $\OT1/lmr/bx/n/12 M$\OT1/lmr/m/n/12 , an-te-ce-dent $\OML/lmm/m/it/12 '$\OT1/lmr/m/n/12 , suk-ce-dent $\OML/lmm/m/it/12  $\OT1/lmr/m/n/12 . Pak \OT1/lmr/m/it/12 4ft-tabulka $[]\OT1/lmr/m/n/12 (\OML/lmm/m/it/12 ';  ; \OT1/lmr/bx/n/12 M\OT1/lmr/m/n/12 )$
 []

LaTeX Font Info:    External font `lmex10' loaded for size
(Font)              <10.95> on input line 348.
[28]
LaTeX Font Info:    Trying to load font information for OT1+lmtt on input line 383.
 (C:\Users\uzivatel\AppData\Local\Programs\MiKTeX\tex/latex/lm\ot1lmtt.fd
File: ot1lmtt.fd 2015/05/01 v1.6.1 Font defs for Latin Modern
) [29] (C:\Users\uzivatel\AppData\Local\Programs\MiKTeX\tex/latex/listings\lstlang1.sty
File: lstlang1.sty 2020/03/24 1.8d listings language file
)
Package hyperref Info: bookmark level for unknown lstlisting defaults to 0 on input line 434.
 [30]) (poznamky.tex) (kapitoly/shrinky.tex [31] [32

]
Kapitola 3.
<obrazky/typyshirnku.png, id=654, 933.4875pt x 670.505pt>
File: obrazky/typyshirnku.png Graphic file (type png)
<use obrazky/typyshirnku.png>
Package pdftex.def Info: obrazky/typyshirnku.png  used on input line 23.
(pdftex.def)             Requested size: 426.79134pt x 306.55353pt.

Overfull \hbox (7.10553pt too wide) in paragraph at lines 28--29
[]\OT1/lmr/m/n/12 Vybran^^Sa spole^^Tcnost rozli^^Tsuje ve sv^^Sych da-tech t^^Tri ka-te-go-rie shrinku -- shrinky zp^^Wusoben^^Se
 []

[33] [34 <./obrazky/typyshirnku.png>]
Overfull \hbox (9.77362pt too wide) in paragraph at lines 52--64
[][] 
 []


Underfull \hbox (badness 3919) in paragraph at lines 72--73
\OT1/lmr/m/n/12 nebo z^^Sakazn^^S^^Pkem (kdy nelze uplat-nit re-kla-maci na
 []


Underfull \hbox (badness 1132) in paragraph at lines 78--79
[]|\OT1/lmr/m/n/12 Odpis po-tra-vin^^Sa^^Trsk^^Seho zbo^^Tz^^S^^P, kter^^Se bylo da-rov^^Sano do
 []


Overfull \hbox (9.77362pt too wide) in paragraph at lines 69--83
[][] 
 []

) (kapitoly/data.tex [35] [36]
Kapitola 4.
[37

] [38]
Overfull \hbox (0.20183pt too wide) in paragraph at lines 61--62
[]\OT1/lmr/bx/n/12 N^^Sazev \OT1/lmr/m/n/12 -- N^^Sazev pro-dejny, kter^^Sy ob-sa-huje n^^Sazev m^^Testa, kde se pro-dejna nach^^Saz^^S^^P. 
 []

[39] (kapitoly/analyzy_mesic.tex [40] [41]
<obrazky/grafy/zastoupeniL1.png, id=710, 535.2497pt x 205.5178pt>
File: obrazky/grafy/zastoupeniL1.png Graphic file (type png)
<use obrazky/grafy/zastoupeniL1.png>
Package pdftex.def Info: obrazky/grafy/zastoupeniL1.png  used on input line 53.
(pdftex.def)             Requested size: 426.79134pt x 163.88135pt.
<obrazky/grafy/zastoupenishrinky.png, id=711, 572.1375pt x 205.5178pt>
File: obrazky/grafy/zastoupenishrinky.png Graphic file (type png)
<use obrazky/grafy/zastoupenishrinky.png>
Package pdftex.def Info: obrazky/grafy/zastoupenishrinky.png  used on input line 61.
(pdftex.def)             Requested size: 426.79134pt x 153.31007pt.
 [42 <./obrazky/grafy/zastoupeniL1.png> <./obrazky/grafy/zastoupenishrinky.png>]
<obrazky/zntb/box_nominal.png, id=721, 448.7967pt x 313.6518pt>
File: obrazky/zntb/box_nominal.png Graphic file (type png)
<use obrazky/zntb/box_nominal.png>
Package pdftex.def Info: obrazky/zntb/box_nominal.png  used on input line 97.
(pdftex.def)             Requested size: 204.86125pt x 143.17601pt.
<obrazky/zntb/box_ordinal.png, id=722, 469.0323pt x 313.6518pt>
File: obrazky/zntb/box_ordinal.png Graphic file (type png)
<use obrazky/zntb/box_ordinal.png>
Package pdftex.def Info: obrazky/zntb/box_ordinal.png  used on input line 105.
(pdftex.def)             Requested size: 209.12683pt x 139.8498pt.
 [43 <./obrazky/zntb/box_nominal.png> <./obrazky/zntb/box_ordinal.png>]
<obrazky/pripravadat/matrix_MI-everything-SFF-storesFETURES-002.pdf, id=734, 639.10106pt x 525.74101pt>
File: obrazky/pripravadat/matrix_MI-everything-SFF-storesFETURES-002.pdf Graphic file (type pdf)
<use obrazky/pripravadat/matrix_MI-everything-SFF-storesFETURES-002.pdf>
Package pdftex.def Info: obrazky/pripravadat/matrix_MI-everything-SFF-storesFETURES-002.pdf  used on input line 140.
(pdftex.def)             Requested size: 426.79134pt x 351.08946pt.
<obrazky/pripravadat/correlation_matrix_cramers-everything-SFF-stores_targets002.pdf, id=736, 742.66399pt x 692.21422pt>
File: obrazky/pripravadat/correlation_matrix_cramers-everything-SFF-stores_targets002.pdf Graphic file (type pdf)
<use obrazky/pripravadat/correlation_matrix_cramers-everything-SFF-stores_targets002.pdf>
Package pdftex.def Info: obrazky/pripravadat/correlation_matrix_cramers-everything-SFF-stores_targets002.pdf  used on input line 149.
(pdftex.def)             Requested size: 426.79134pt x 397.79828pt.


LaTeX Warning: `!h' float specifier changed to `!ht'.

[44 <./obrazky/pripravadat/matrix_MI-everything-SFF-storesFETURES-002.pdf>]
<obrazky/pripravadat/theils_u-002.png, id=792, 641.7576pt x 580.3281pt>
File: obrazky/pripravadat/theils_u-002.png Graphic file (type png)
<use obrazky/pripravadat/theils_u-002.png>
Package pdftex.def Info: obrazky/pripravadat/theils_u-002.png  used on input line 158.
(pdftex.def)             Requested size: 426.79134pt x 385.9399pt.


LaTeX Warning: `!h' float specifier changed to `!ht'.


Overfull \hbox (12.79494pt too wide) in paragraph at lines 167--171
\OT1/lmr/m/n/12 fak-toru (VIF). Jako hrani^^Tcn^^S^^P fak-tor jsem zvo-lila hod-notu 40 VIF. Vysv^^Tetluj^^S^^Pc^^S^^P prom^^Tenn^^Se
 []

<obrazky/zntb/VIF.png, id=793, 419.166pt x 407.6028pt>
File: obrazky/zntb/VIF.png Graphic file (type png)
<use obrazky/zntb/VIF.png>
Package pdftex.def Info: obrazky/zntb/VIF.png  used on input line 174.
(pdftex.def)             Requested size: 426.79134pt x 415.02165pt.

LaTeX Warning: `!h' float specifier changed to `!ht'.


Underfull \vbox (badness 2035) has occurred while \output is active []

 [45 <./obrazky/pripravadat/correlation_matrix_cramers-everything-SFF-stores_targets002.pdf>]
<obrazky/pripravadat/matrix_MI-everything-SFF-stores-002.pdf, id=845, 350.6715pt x 487.53331pt>
File: obrazky/pripravadat/matrix_MI-everything-SFF-stores-002.pdf Graphic file (type pdf)
<use obrazky/pripravadat/matrix_MI-everything-SFF-stores-002.pdf>
Package pdftex.def Info: obrazky/pripravadat/matrix_MI-everything-SFF-stores-002.pdf  used on input line 185.
(pdftex.def)             Requested size: 426.79134pt x 593.38377pt.


LaTeX Warning: `!h' float specifier changed to `!ht'.


Underfull \vbox (badness 10000) has occurred while \output is active []

 [46 <./obrazky/pripravadat/theils_u-002.png>]
<obrazky/pripravadat/pca-roztyl_komponetn.png, id=852, 406.8801pt x 328.1058pt>
File: obrazky/pripravadat/pca-roztyl_komponetn.png Graphic file (type png)
<use obrazky/pripravadat/pca-roztyl_komponetn.png>
Package pdftex.def Info: obrazky/pripravadat/pca-roztyl_komponetn.png  used on input line 207.
(pdftex.def)             Requested size: 213.39566pt x 172.07788pt.
<obrazky/pripravadat/pca-kum_roztyl_komponetn.png, id=853, 435.7881pt x 328.1058pt>
File: obrazky/pripravadat/pca-kum_roztyl_komponetn.png Graphic file (type png)
<use obrazky/pripravadat/pca-kum_roztyl_komponetn.png>
Package pdftex.def Info: obrazky/pripravadat/pca-kum_roztyl_komponetn.png  used on input line 215.
(pdftex.def)             Requested size: 213.39566pt x 160.6681pt.
<obrazky/pripravadat/pca-prispevky.png, id=854, 406.8801pt x 416.9979pt>
File: obrazky/pripravadat/pca-prispevky.png Graphic file (type png)
<use obrazky/pripravadat/pca-prispevky.png>
Package pdftex.def Info: obrazky/pripravadat/pca-prispevky.png  used on input line 223.
(pdftex.def)             Requested size: 341.43436pt x 349.92587pt.


LaTeX Warning: `!h' float specifier changed to `!ht'.

<obrazky/pripravadat/mca-roztyl_komponetn.png, id=855, 418.4433pt x 328.1058pt>
File: obrazky/pripravadat/mca-roztyl_komponetn.png Graphic file (type png)
<use obrazky/pripravadat/mca-roztyl_komponetn.png>
Package pdftex.def Info: obrazky/pripravadat/mca-roztyl_komponetn.png  used on input line 240.
(pdftex.def)             Requested size: 213.39566pt x 167.32674pt.
<obrazky/pripravadat/mca-kum_roztyl_komponetn.png, id=856, 470.4777pt x 328.1058pt>
File: obrazky/pripravadat/mca-kum_roztyl_komponetn.png Graphic file (type png)
<use obrazky/pripravadat/mca-kum_roztyl_komponetn.png>
Package pdftex.def Info: obrazky/pripravadat/mca-kum_roztyl_komponetn.png  used on input line 248.
(pdftex.def)             Requested size: 213.39566pt x 148.81775pt.
[47 <./obrazky/zntb/VIF.png>]
<obrazky/pripravadat/mca-prispevky.png, id=863, 406.8801pt x 416.9979pt>
File: obrazky/pripravadat/mca-prispevky.png Graphic file (type png)
<use obrazky/pripravadat/mca-prispevky.png>
Package pdftex.def Info: obrazky/pripravadat/mca-prispevky.png  used on input line 256.
(pdftex.def)             Requested size: 341.43436pt x 349.92587pt.


LaTeX Warning: `!h' float specifier changed to `!ht'.


Underfull \vbox (badness 10000) has occurred while \output is active []

 [48 <./obrazky/pripravadat/matrix_MI-everything-SFF-stores-002.pdf>]
Underfull \vbox (badness 1460) has occurred while \output is active []

 [49 <./obrazky/pripravadat/pca-roztyl_komponetn.png> <./obrazky/pripravadat/pca-kum_roztyl_komponetn.png> <./obrazky/pripravadat/pca-prispevky.png>]
Underfull \vbox (badness 1708) has occurred while \output is active []

 [50 <./obrazky/pripravadat/mca-roztyl_komponetn.png> <./obrazky/pripravadat/mca-kum_roztyl_komponetn.png> <./obrazky/pripravadat/mca-prispevky.png>]
Overfull \hbox (0.40915pt too wide) in paragraph at lines 299--300
[]\OT1/lmr/m/n/12 Metodou PCA bylo zji^^Tst^^Teno, kter^^Se p^^Tr^^S^^Pznaky nejv^^S^^Pce p^^Trisp^^S^^Pvaj^^S^^P ke kom-po-nent^^Sam,
 []

)) (kapitoly/korelace.tex [51] [52

]
Kapitola 5.
[53]
<obrazky/grafy/matice_korelace_typy_DP_colored.pdf, id=951, 363.27718pt x 221.8689pt>
File: obrazky/grafy/matice_korelace_typy_DP_colored.pdf Graphic file (type pdf)
<use obrazky/grafy/matice_korelace_typy_DP_colored.pdf>
Package pdftex.def Info: obrazky/grafy/matice_korelace_typy_DP_colored.pdf  used on input line 43.
(pdftex.def)             Requested size: 426.79134pt x 260.67566pt.
 [54 <./obrazky/grafy/matice_korelace_typy_DP_colored.pdf>] [55] [56]
<obrazky/strukturaslozky.pdf, id=990, 125.5089pt x 152.4897pt>
File: obrazky/strukturaslozky.pdf Graphic file (type pdf)
<use obrazky/strukturaslozky.pdf>
Package pdftex.def Info: obrazky/strukturaslozky.pdf  used on input line 134.
(pdftex.def)             Requested size: 128.0387pt x 155.57233pt.
 [57 <./obrazky/strukturaslozky.pdf>]
Underfull \vbox (badness 5161) has occurred while \output is active []

 [58]
Underfull \hbox (badness 10000) in paragraph at lines 223--223
[]|\OT1/lmr/m/n/12 Za^^Tc^^Satek
 []


Overfull \hbox (6.7365pt too wide) in paragraph at lines 223--223
[]|\OT1/lmr/m/n/12 Identifik^^Sator
 []


Underfull \hbox (badness 10000) in paragraph at lines 234--234
[]|\OT1/lmr/m/n/12 Datum
 []


Underfull \hbox (badness 10000) in paragraph at lines 234--234
[]|\OT1/lmr/m/n/12 Za^^Tc^^Satek
 []


Underfull \hbox (badness 10000) in paragraph at lines 234--234
[]\OT1/lmr/m/n/12 fik^^Sator
 []


LaTeX Warning: Float too large for page by 42.00403pt on input line 247.


Underfull \hbox (badness 10000) in paragraph at lines 257--257
[]|\OT1/lmr/m/n/12 Datum
 []


Underfull \hbox (badness 10000) in paragraph at lines 257--257
[]|\OT1/lmr/m/n/12 Za^^Tc^^Satek
 []


LaTeX Warning: Reference `label' on page 59 undefined on input line 272.

[59] [60]
Underfull \vbox (badness 10000) has occurred while \output is active []

 [61]
Underfull \vbox (badness 10000) has occurred while \output is active []

 [62]

LaTeX Warning: Reference `sec:kor:postup' on page 63 undefined on input line 302.


Overfull \hbox (0.65588pt too wide) in paragraph at lines 302--303
\OT1/lmr/m/n/12 taFramu. Funkce \OT1/lmtt/m/n/12 categorize[]products \OT1/lmr/m/n/12 rozt^^Tr^^S^^Pd^^S^^P pro-dukty do p^^Teti ka-te-gori^^S^^P: \OT1/lmtt/m/n/12 itself,
 []


Underfull \vbox (badness 10000) has occurred while \output is active []

 [63] [64]
Overfull \hbox (0.52849pt too wide) in paragraph at lines 358--359
\OT1/lmr/m/n/12 hodla jsem se tedy zv^^Sy^^Tsit hla-dinu v^^Syznamnosti na 10 %. Zv^^Sy^^Tsen^^S^^P hla-diny v^^Syznamnosti
 []

[65]
<obrazky/kor_maso.pdf, id=1051, 426.63388pt x 221.8689pt>
File: obrazky/kor_maso.pdf Graphic file (type pdf)
<use obrazky/kor_maso.pdf>
Package pdftex.def Info: obrazky/kor_maso.pdf  used on input line 368.
(pdftex.def)             Requested size: 426.79134pt x 221.95297pt.
<obrazky/kor_pec.pdf, id=1052, 423.50218pt x 221.8689pt>
File: obrazky/kor_pec.pdf Graphic file (type pdf)
<use obrazky/kor_pec.pdf>
Package pdftex.def Info: obrazky/kor_pec.pdf  used on input line 376.
(pdftex.def)             Requested size: 426.79134pt x 223.59152pt.
<obrazky/kor_zel.pdf, id=1053, 423.50218pt x 221.8689pt>
File: obrazky/kor_zel.pdf Graphic file (type pdf)
<use obrazky/kor_zel.pdf>
Package pdftex.def Info: obrazky/kor_zel.pdf  used on input line 384.
(pdftex.def)             Requested size: 426.79134pt x 223.59152pt.


LaTeX Warning: `!h' float specifier changed to `!ht'.

[66 <./obrazky/kor_maso.pdf> <./obrazky/kor_pec.pdf>]
<obrazky/grafy/categorization_charts/categorization_charts_L4_PROC MEAT SERVICE.pdf, id=1088, 462.52798pt x 346.89601pt>
File: obrazky/grafy/categorization_charts/categorization_charts_L4_PROC MEAT SERVICE.pdf Graphic file (type pdf)
<use obrazky/grafy/categorization_charts/categorization_charts_L4_PROC MEAT SERVICE.pdf>
Package pdftex.def Info: obrazky/grafy/categorization_charts/categorization_charts_L4_PROC MEAT SERVICE.pdf  used on input line 428.
(pdftex.def)             Requested size: 341.43436pt x 256.0903pt.


LaTeX Warning: `!h' float specifier changed to `!ht'.

[67 <./obrazky/kor_zel.pdf>]) (kapitoly/cleverminer.tex [68 <./obrazky/grafy/categorization_charts/categorization_charts_L4_PROC MEAT SERVICE.pdf>]
Kapitola 6.
<obrazky/grafy/histogram/newplot(2).png, id=1154, 615.29875pt x 526.96875pt>
File: obrazky/grafy/histogram/newplot(2).png Graphic file (type png)
<use obrazky/grafy/histogram/newplot(2).png>
Package pdftex.def Info: obrazky/grafy/histogram/newplot(2).png  used on input line 17.
(pdftex.def)             Requested size: 234.73653pt x 201.03821pt.
<obrazky/grafy/histogram/newplot(1).png, id=1155, 615.29875pt x 526.96875pt>
File: obrazky/grafy/histogram/newplot(1).png Graphic file (type png)
<use obrazky/grafy/histogram/newplot(1).png>
Package pdftex.def Info: obrazky/grafy/histogram/newplot(1).png  used on input line 26.
(pdftex.def)             Requested size: 234.73653pt x 201.03821pt.

Overfull \hbox (21.79312pt too wide) in paragraph at lines 14--32
 [][]|  [] 
 []


LaTeX Warning: `!h' float specifier changed to `!ht'.

<obrazky/grafy/histogram/newplot.png, id=1156, 615.29875pt x 526.96875pt>
File: obrazky/grafy/histogram/newplot.png Graphic file (type png)
<use obrazky/grafy/histogram/newplot.png>
Package pdftex.def Info: obrazky/grafy/histogram/newplot.png  used on input line 40.
(pdftex.def)             Requested size: 234.73653pt x 201.03821pt.
<obrazky/grafy/histogram/newplot(3).png, id=1157, 615.29875pt x 526.96875pt>
File: obrazky/grafy/histogram/newplot(3).png Graphic file (type png)
<use obrazky/grafy/histogram/newplot(3).png>
Package pdftex.def Info: obrazky/grafy/histogram/newplot(3).png  used on input line 49.
(pdftex.def)             Requested size: 234.73653pt x 201.03821pt.

Overfull \hbox (21.79312pt too wide) in paragraph at lines 36--55
 [][]|  [] 
 []


LaTeX Warning: `!h' float specifier changed to `!ht'.

<obrazky/grafy/histogram/newplot(4).png, id=1158, 580.1675pt x 437.635pt>
File: obrazky/grafy/histogram/newplot(4).png Graphic file (type png)
<use obrazky/grafy/histogram/newplot(4).png>
Package pdftex.def Info: obrazky/grafy/histogram/newplot(4).png  used on input line 60.
(pdftex.def)             Requested size: 234.73653pt x 177.06758pt.

LaTeX Warning: `!h' float specifier changed to `!ht'.

[69

]

LaTeX Warning: Text page 70 contains only floats.

[70 <./obrazky/grafy/histogram/newplot(2).png> <./obrazky/grafy/histogram/newplot(1).png> <./obrazky/grafy/histogram/newplot.png> <./obrazky/grafy/histogram/newplot(3).png> <./obrazky/grafy/histogram/newplot(4).png>]
Underfull \hbox (badness 4608) in paragraph at lines 127--128
[]|\OT1/lmr/m/n/12 weekday(0) $\OMS/lmsy/m/n/12 ^$ \OT1/lmr/m/n/12 promo(after[]promo) $\OMS/lmsy/m/n/12 )$
 []


Underfull \hbox (badness 4608) in paragraph at lines 130--131
[]|\OT1/lmr/m/n/12 weekday(1) $\OMS/lmsy/m/n/12 ^$ \OT1/lmr/m/n/12 promo(after[]promo) $\OMS/lmsy/m/n/12 )$
 []


Underfull \hbox (badness 4608) in paragraph at lines 133--134
[]|\OT1/lmr/m/n/12 weekday(2) $\OMS/lmsy/m/n/12 ^$ \OT1/lmr/m/n/12 promo(after[]promo) $\OMS/lmsy/m/n/12 )$
 []


Underfull \hbox (badness 4608) in paragraph at lines 135--136
[]|\OT1/lmr/m/n/12 weekday(3) $\OMS/lmsy/m/n/12 ^$ \OT1/lmr/m/n/12 promo(after[]promo) $\OMS/lmsy/m/n/12 )$
 []


Underfull \hbox (badness 4608) in paragraph at lines 136--137
[]|\OT1/lmr/m/n/12 weekday(6) $\OMS/lmsy/m/n/12 ^$ \OT1/lmr/m/n/12 promo(after[]promo) $\OMS/lmsy/m/n/12 )$
 []


LaTeX Warning: `!h' float specifier changed to `!ht'.

[71] [72] [73]
Overfull \hbox (7.77353pt too wide) in paragraph at lines 218--223
\OT1/lmr/m/n/12 mezi 10-40 %. Cukr^^Sa^^Trsk^^Se v^^Syrobky maj^^S^^P pod^^S^^Pl shrinku v 74 % za-zna-me-nan^^Sych p^^Tr^^S^^Ppadech
 []

[74]
Overfull \hbox (22.62723pt too wide) in paragraph at lines 270--275
[]\OT1/lmr/m/n/12 Antecedent aso-cia^^Tcn^^S^^Pho pra-vi-dla ob-sa-huje bo-o-lovsk^^Se atri-buty: $\OML/lmm/m/it/12 '[]$ \OT1/lmr/m/n/12 , $\OML/lmm/m/it/12 '[]$
 []

[75]) (kapitoly/vizualizace.tex [76]
Kapitola 7.
<obrazky/PBI/datmodel.png, id=1246, 840.13875pt x 584.1825pt>
File: obrazky/PBI/datmodel.png Graphic file (type png)
<use obrazky/PBI/datmodel.png>
Package pdftex.def Info: obrazky/PBI/datmodel.png  used on input line 19.
(pdftex.def)             Requested size: 426.79134pt x 296.7614pt.
[77

] [78 <./obrazky/PBI/datmodel.png>]

LaTeX Warning: Reference `sec:PBI' on page 79 undefined on input line 49.

<obrazky/PBI/overview.png, id=1258, 295.5843pt x 166.221pt>
File: obrazky/PBI/overview.png Graphic file (type png)
<use obrazky/PBI/overview.png>
Package pdftex.def Info: obrazky/PBI/overview.png  used on input line 53.
(pdftex.def)             Requested size: 426.79134pt x 240.01999pt.

LaTeX Warning: `!h' float specifier changed to `!ht'.

[79]
<obrazky/PBI/Catdrilldown.png, id=1267, 295.5843pt x 92.2647pt>
File: obrazky/PBI/Catdrilldown.png Graphic file (type png)
<use obrazky/PBI/Catdrilldown.png>
Package pdftex.def Info: obrazky/PBI/Catdrilldown.png  used on input line 64.
(pdftex.def)             Requested size: 426.79134pt x 133.2285pt.
<obrazky/PBI/tabulkaukzka.png, id=1268, 170.3163pt x 57.3342pt>
File: obrazky/PBI/tabulkaukzka.png Graphic file (type png)
<use obrazky/PBI/tabulkaukzka.png>
Package pdftex.def Info: obrazky/PBI/tabulkaukzka.png  used on input line 72.
(pdftex.def)             Requested size: 426.79134pt x 143.67455pt.


LaTeX Warning: `!h' float specifier changed to `!ht'.

<obrazky/PBI/stores.png, id=1269, 303.534pt x 173.448pt>
File: obrazky/PBI/stores.png Graphic file (type png)
<use obrazky/PBI/stores.png>
Package pdftex.def Info: obrazky/PBI/stores.png  used on input line 84.
(pdftex.def)             Requested size: 426.79134pt x 243.88153pt.

LaTeX Warning: `!h' float specifier changed to `!ht'.

[80 <./obrazky/PBI/overview.png> <./obrazky/PBI/Catdrilldown.png>] [81 <./obrazky/PBI/tabulkaukzka.png> <./obrazky/PBI/stores.png>]
<obrazky/PBI/storesSFF.png, id=1286, 292.2117pt x 163.5711pt>
File: obrazky/PBI/storesSFF.png Graphic file (type png)
<use obrazky/PBI/storesSFF.png>
Package pdftex.def Info: obrazky/PBI/storesSFF.png  used on input line 99.
(pdftex.def)             Requested size: 426.79134pt x 238.92163pt.

Overfull \hbox (3.2188pt too wide) in paragraph at lines 106--107
\OT1/lmr/m/n/12 Dal^^Ts^^S^^P str^^Sanka zob-ra-zuje data ka-te-gori^^S^^P Velmi ^^Tcerstv^^Se a []Cerstv^^Se podle dal^^Ts^^S^^Pch p^^Tr^^S^^Pznak^^Wu.
 []

<obrazky/PBI/levelsSFF.png, id=1287, 292.2117pt x 163.5711pt>
File: obrazky/PBI/levelsSFF.png Graphic file (type png)
<use obrazky/PBI/levelsSFF.png>
Package pdftex.def Info: obrazky/PBI/levelsSFF.png  used on input line 111.
(pdftex.def)             Requested size: 426.79134pt x 238.92163pt.

LaTeX Warning: `!h' float specifier changed to `!ht'.

<obrazky/PBI/detaildrill.png, id=1288, 100.4553pt x 42.1575pt>
File: obrazky/PBI/detaildrill.png Graphic file (type png)
<use obrazky/PBI/detaildrill.png>
Package pdftex.def Info: obrazky/PBI/detaildrill.png  used on input line 121.
(pdftex.def)             Requested size: 192.0548pt x 80.59987pt.

LaTeX Warning: `!h' float specifier changed to `!ht'.

[82 <./obrazky/PBI/storesSFF.png>]
<obrazky/PBI/timeSFF.png, id=1296, 292.2117pt x 163.5711pt>
File: obrazky/PBI/timeSFF.png Graphic file (type png)
<use obrazky/PBI/timeSFF.png>
Package pdftex.def Info: obrazky/PBI/timeSFF.png  used on input line 133.
(pdftex.def)             Requested size: 426.79134pt x 238.92163pt.


LaTeX Warning: `!h' float specifier changed to `!ht'.

[83 <./obrazky/PBI/levelsSFF.png> <./obrazky/PBI/detaildrill.png>]
<obrazky/PBI/productdetail.png, id=1306, 315.0972pt x 175.857pt>
File: obrazky/PBI/productdetail.png Graphic file (type png)
<use obrazky/PBI/productdetail.png>
Package pdftex.def Info: obrazky/PBI/productdetail.png  used on input line 147.
(pdftex.def)             Requested size: 426.79134pt x 238.19365pt.
 [84 <./obrazky/PBI/timeSFF.png> <./obrazky/PBI/productdetail.png>]
Overfull \hbox (1.03906pt too wide) in paragraph at lines 160--163
\OT1/lmr/m/n/12 ^^Tcerstv^^Se a []Cerstv^^Se jsou v^^Syrazn^^Te v^^S^^Pce za-stou-peny ne^^Tz zbyl^^Se ka-te-go-rie. Na t^^Sem^^Tze obr^^Sazku
 []

<obrazky/PBI/vys_L1.png, id=1314, 617.30624pt x 208.52907pt>
File: obrazky/PBI/vys_L1.png Graphic file (type png)
<use obrazky/PBI/vys_L1.png>
Package pdftex.def Info: obrazky/PBI/vys_L1.png  used on input line 167.
(pdftex.def)             Requested size: 426.79134pt x 144.17476pt.
<obrazky/PBI/l3l4.png, id=1315, 168.63pt x 61.4295pt>
File: obrazky/PBI/l3l4.png Graphic file (type png)
<use obrazky/PBI/l3l4.png>
Package pdftex.def Info: obrazky/PBI/l3l4.png  used on input line 175.
(pdftex.def)             Requested size: 426.79134pt x 155.478pt.

LaTeX Warning: `!h' float specifier changed to `!ht'.


Overfull \hbox (16.86772pt too wide) in paragraph at lines 186--199
 [][] 
 []


LaTeX Warning: `!h' float specifier changed to `!ht'.

[85 <./obrazky/PBI/vys_L1.png>]
Overfull \hbox (4.2173pt too wide) in paragraph at lines 206--221
 [][] 
 []


LaTeX Warning: `!h' float specifier changed to `!ht'.

<obrazky/PBI/location.png, id=1323, 270.7716pt x 92.7465pt>
File: obrazky/PBI/location.png Graphic file (type png)
<use obrazky/PBI/location.png>
Package pdftex.def Info: obrazky/PBI/location.png  used on input line 227.
(pdftex.def)             Requested size: 426.79134pt x 146.19821pt.

Underfull \vbox (badness 3108) has occurred while \output is active []

 [86 <./obrazky/PBI/l3l4.png>]
<obrazky/PBI/vsLoc.png, id=1331, 99.2508pt x 114.9093pt>
File: obrazky/PBI/vsLoc.png Graphic file (type png)
<use obrazky/PBI/vsLoc.png>
Package pdftex.def Info: obrazky/PBI/vsLoc.png  used on input line 239.
(pdftex.def)             Requested size: 213.39566pt x 247.06244pt.
<obrazky/PBI/normTypes.png, id=1332, 101.6598pt x 54.4434pt>
File: obrazky/PBI/normTypes.png Graphic file (type png)
<use obrazky/PBI/normTypes.png>
Package pdftex.def Info: obrazky/PBI/normTypes.png  used on input line 246.
(pdftex.def)             Requested size: 213.39566pt x 114.2863pt.
 [87 <./obrazky/PBI/location.png>]
<obrazky/PBI/topwhs.png, id=1340, 223.7961pt x 57.3342pt>
File: obrazky/PBI/topwhs.png Graphic file (type png)
<use obrazky/PBI/topwhs.png>
Package pdftex.def Info: obrazky/PBI/topwhs.png  used on input line 257.
(pdftex.def)             Requested size: 426.79134pt x 109.34639pt.

Underfull \vbox (badness 2165) has occurred while \output is active []

 [88 <./obrazky/PBI/vsLoc.png> <./obrazky/PBI/normTypes.png> <./obrazky/PBI/topwhs.png>]
<obrazky/PBI/porovnaniprodejen.png, id=1350, 306.4248pt x 165.2574pt>
File: obrazky/PBI/porovnaniprodejen.png Graphic file (type png)
<use obrazky/PBI/porovnaniprodejen.png>
Package pdftex.def Info: obrazky/PBI/porovnaniprodejen.png  used on input line 274.
(pdftex.def)             Requested size: 426.79134pt x 230.18367pt.
<obrazky/PBI/citysize.png, id=1351, 158.2713pt x 65.043pt>
File: obrazky/PBI/citysize.png Graphic file (type png)
<use obrazky/PBI/citysize.png>
Package pdftex.def Info: obrazky/PBI/citysize.png  used on input line 284.
(pdftex.def)             Requested size: 341.43436pt x 140.33395pt.


LaTeX Warning: `!h' float specifier changed to `!ht'.

[89 <./obrazky/PBI/porovnaniprodejen.png>]
<obrazky/PBI/time.png, id=1359, 104.7915pt x 60.225pt>
File: obrazky/PBI/time.png Graphic file (type png)
<use obrazky/PBI/time.png>
Package pdftex.def Info: obrazky/PBI/time.png  used on input line 294.
(pdftex.def)             Requested size: 256.0774pt x 147.18399pt.
<obrazky/PBI/promotype.png, id=1360, 157.7895pt x 47.6982pt>
File: obrazky/PBI/promotype.png Graphic file (type png)
<use obrazky/PBI/promotype.png>
Package pdftex.def Info: obrazky/PBI/promotype.png  used on input line 304.
(pdftex.def)             Requested size: 341.43436pt x 103.21721pt.


LaTeX Warning: `!h' float specifier changed to `!ht'.

[90 <./obrazky/PBI/citysize.png> <./obrazky/PBI/time.png>]
<obrazky/PBI/l3pprductshare.png, id=1369, 157.3077pt x 96.1191pt>
File: obrazky/PBI/l3pprductshare.png Graphic file (type png)
<use obrazky/PBI/l3pprductshare.png>
Package pdftex.def Info: obrazky/PBI/l3pprductshare.png  used on input line 319.
(pdftex.def)             Requested size: 341.43436pt x 208.65836pt.
) [91 <./obrazky/PBI/promotype.png> <./obrazky/PBI/l3pprductshare.png>] [92

] (kapitoly/zaver.tex) [93] (tex/bibliografie1.tex [94


]
Underfull \hbox (badness 10000) in paragraph at lines 23--24
[]\OT1/lmr/m/n/12 What is the di-f-fe-rence be-tween Lo-gis-tics and Sup-ply Chain Ma-
 []


Underfull \hbox (badness 10000) in paragraph at lines 23--24
\OT1/lmr/m/n/12 nage-ment. In: \OT1/lmr/m/it/12 IIM Udai-pur Chro-nicles \OT1/lmr/m/n/12 [on-line]. 11. 10. 2019.
 []


Underfull \hbox (badness 10000) in paragraph at lines 23--24
\OT1/lmr/m/n/12 [cit. 2022-11-07] Do-stupn^^Se z: []$\OT1/lmtt/m/n/12 https : / / www . iimu . ac . in / blog /
 []


Overfull \hbox (22.06178pt too wide) in paragraph at lines 23--24
\OT1/lmtt/m/n/12 what-[]is-[]the-[]difference-[]between-[]logistics-[]and-[]supply-[]chain-[]management/$[] 
 []


Underfull \hbox (badness 1874) in paragraph at lines 35--36
[]\OT1/lmr/m/n/12 TONHAUSEROV[]A, Zuzana. \OT1/lmr/m/it/12 Me-toda hlavn^^S^^Pch kom-po-nent a jej^^S^^P apli-kace\OT1/lmr/m/n/12 .
 []


Underfull \hbox (badness 6893) in paragraph at lines 35--36
\OT1/lmr/m/n/12 Di-plo-mov^^Sa pr^^Sace. Olo-mouc: UPOL. 2013 [cit. 2023-12-18]. Do-stupn^^Se
 []

[95]
Underfull \hbox (badness 3601) in paragraph at lines 52--53
[]\OT1/lmr/m/n/12 ABDI, Herv^^Se, VA-LEN-TIN, Do-mi-nique. \OT1/lmr/m/it/12 Mul-tiple corre-spon-dence ana-ly-
 []


Underfull \hbox (badness 1895) in paragraph at lines 52--53
\OT1/lmr/m/it/12 sis\OT1/lmr/m/n/12 . In: \OT1/lmr/m/it/12 En-cyclo-pe-dia of me-a-su-re-ment and sta-tis-tics\OT1/lmr/m/n/12 . 2007, 2.4: 651-657.
 []


Underfull \hbox (badness 3679) in paragraph at lines 52--53
\OT1/lmr/m/n/12 [cit. 2023-03-05]. Do-stupn^^Se z: []$\OT1/lmtt/m/n/12 https : / / personal . utdallas . edu / []Herve /
 []

[96]
Underfull \hbox (badness 5288) in paragraph at lines 92--93
[]\OT1/lmr/m/n/12 BAIJAYANTA, Roy., \OT1/lmr/m/it/12 All about Ca-te-go-ri-cal Va-ri-a-ble En-co-ding  \OT1/lmr/m/n/12 [on-
 []


Underfull \hbox (badness 4328) in paragraph at lines 92--93
\OT1/lmr/m/n/12 line]. [cit. 2023-03-13]. Do-stupn^^Se z: []$\OT1/lmtt/m/n/12 https : / / towardsdatascience . com /
 []


Underfull \hbox (badness 6364) in paragraph at lines 101--102
[]\OT1/lmr/m/n/12 BOBBITT, Zach. \OT1/lmr/m/it/12 How to In-ter-pret Cra-mer's V \OT1/lmr/m/n/12 In \OT1/lmr/m/it/12 Sta-to-logy \OT1/lmr/m/n/12 [on-
 []


Underfull \hbox (badness 3333) in paragraph at lines 101--102
\OT1/lmr/m/n/12 line]. 2021 [cit. 2023-03-21]. Do-stupn^^Se z: []$\OT1/lmtt/m/n/12 https : / / www . statology . org /
 []


Underfull \hbox (badness 1721) in paragraph at lines 104--105
[]\OT1/lmr/m/n/12 ZYCHLINSKI, Shaked. \OT1/lmr/m/it/12 The Search for Ca-te-go-ri-cal Corre-lation \OT1/lmr/m/n/12 [on-line].
 []


Underfull \hbox (badness 4832) in paragraph at lines 104--105
\OT1/lmr/m/n/12 2018 [cit. 2023-03-14]. Do-stupn^^Se z: []$\OT1/lmtt/m/n/12 https : / / towardsdatascience . com /
 []


Underfull \hbox (badness 1331) in paragraph at lines 111--112
[]\OT1/lmr/m/n/12 FROST, Jim. \OT1/lmr/m/it/12 Cho-o-sing the correct type of re-gres-sion ana-ly-sis. \OT1/lmr/m/n/12 [on-line].
 []


Underfull \hbox (badness 10000) in paragraph at lines 120--121
[]\OT1/lmr/m/n/12 LOK, Leon. \OT1/lmr/m/it/12 De-ci-sion trees, ran-dom fo-rests and gra-di-
 []


Underfull \hbox (badness 10000) in paragraph at lines 120--121
\OT1/lmr/m/it/12 ent bo-os-ting: What's the di-f-fe-rence? \OT1/lmr/m/n/12 [on-line]. 5. 1. 2022.
 []


Underfull \hbox (badness 10000) in paragraph at lines 120--121
\OT1/lmr/m/n/12 [cit. 2023-04-10]. Do-stupn^^Se z: []$\OT1/lmtt/m/n/12 https : / / leonlok . co . uk / blog /
 []


Overfull \hbox (21.56178pt too wide) in paragraph at lines 120--121
\OT1/lmtt/m/n/12 decision-[]trees-[]random-[]forests-[]gradient-[]boosting-[]whats-[]the-[]difference/$[] 
 []


Underfull \hbox (badness 1215) in paragraph at lines 123--124
[]\OT1/lmr/m/n/12 Scipy.stats.pearsonr. In \OT1/lmr/m/it/12 scipy.stats.pearsonr - SciPy v1.11.4 Ma-nual \OT1/lmr/m/n/12 [on-
 []


Underfull \hbox (badness 1137) in paragraph at lines 123--124
\OT1/lmr/m/n/12 line]. [cit. 2023-12-10]. Do-stupn^^Se z: []$\OT1/lmtt/m/n/12 https : / / docs . scipy . org / doc / scipy /
 []

[97]) [98]
P\v {r}\'{\i }loha A.
[99

] (DP_Gruberova.aux)

LaTeX Warning: There were undefined references.


LaTeX Warning: There were multiply-defined labels.

Package rerunfilecheck Info: File `DP_Gruberova.out' has not changed.
(rerunfilecheck)             Checksum: 6E3F2C221F8ACF49E1A2FFD04C25C1A8;5496.
 ) 
Here is how much of TeX's memory you used:
 29929 strings out of 475380
 556145 string characters out of 2775356
 1628947 words of memory out of 3000000
 50232 multiletter control sequences out of 15000+600000
 560424 words of font info for 109 fonts, out of 8000000 for 9000
 1141 hyphenation exceptions out of 8191
 99i,17n,94p,2358b,2310s stack positions out of 10000i,1000n,20000p,200000b,80000s
{C:/Users/uzivatel/AppData/Local/Programs/MiKTeX/fonts/enc/dvips/lm/lm-rmtt.enc}{C:/Users/uzivatel/AppData/Local/Programs/MiKTeX/fonts/enc/dvips/lm/lm-mathit.enc}{C:/Users/uzivatel/AppData/Local/Programs/MiKTeX/fonts/enc/dvips/lm/lm-rm.enc}{C:/Users/uzivatel/AppData/Local/Programs/MiKTeX/fonts/enc/dvips/lm/lm-ts1.enc}{C:/Users/uzivatel/AppData/Local/Programs/MiKTeX/fonts/enc/dvips/lm/lm-mathsy.enc}{C:/Users/uzivatel/AppData/Local/Programs/MiKTeX/fonts/enc/dvips/lm/lm-mathex.enc}<C:/Users/uzivatel/AppData/Local/Programs/MiKTeX/fonts/type1/public/lm/lmbx10.pfb><C:/Users/uzivatel/AppData/Local/Programs/MiKTeX/fonts/type1/public/lm/lmbx12.pfb><C:/Users/uzivatel/AppData/Local/Programs/MiKTeX/fonts/type1/public/lm/lmex10.pfb><C:/Users/uzivatel/AppData/Local/Programs/MiKTeX/fonts/type1/public/lm/lmmi10.pfb><C:/Users/uzivatel/AppData/Local/Programs/MiKTeX/fonts/type1/public/lm/lmmi12.pfb><C:/Users/uzivatel/AppData/Local/Programs/MiKTeX/fonts/type1/public/lm/lmmi6.pfb><C:/Users/uzivatel/AppData/Local/Programs/MiKTeX/fonts/type1/public/lm/lmmi8.pfb><C:/Users/uzivatel/AppData/Local/Programs/MiKTeX/fonts/type1/public/lm/lmmib10.pfb><C:/Users/uzivatel/AppData/Local/Programs/MiKTeX/fonts/type1/public/lm/lmr10.pfb><C:/Users/uzivatel/AppData/Local/Programs/MiKTeX/fonts/type1/public/lm/lmr12.pfb><C:/Users/uzivatel/AppData/Local/Programs/MiKTeX/fonts/type1/public/lm/lmr17.pfb><C:/Users/uzivatel/AppData/Local/Programs/MiKTeX/fonts/type1/public/lm/lmr6.pfb><C:/Users/uzivatel/AppData/Local/Programs/MiKTeX/fonts/type1/public/lm/lmr7.pfb><C:/Users/uzivatel/AppData/Local/Programs/MiKTeX/fonts/type1/public/lm/lmr8.pfb><C:/Users/uzivatel/AppData/Local/Programs/MiKTeX/fonts/type1/public/lm/lmri10.pfb><C:/Users/uzivatel/AppData/Local/Programs/MiKTeX/fonts/type1/public/lm/lmri12.pfb><C:/Users/uzivatel/AppData/Local/Programs/MiKTeX/fonts/type1/public/lm/lmsy10.pfb><C:/Users/uzivatel/AppData/Local/Programs/MiKTeX/fonts/type1/public/lm/lmsy8.pfb><C:/Users/uzivatel/AppData/Local/Programs/MiKTeX/fonts/type1/public/lm/lmtt10.pfb><C:/Users/uzivatel/AppData/Local/Programs/MiKTeX/fonts/type1/public/lm/lmtt12.pfb><C:/Users/uzivatel/AppData/Local/Programs/MiKTeX/fonts/type1/public/lm/lmtt8.pfb><C:/Users/uzivatel/AppData/Local/Programs/MiKTeX/fonts/type1/public/amsfonts/symbols/msam10.pfb>
Output written on DP_Gruberova.pdf (99 pages, 4764864 bytes).
PDF statistics:
 1657 PDF objects out of 1728 (max. 8388607)
 421 named destinations out of 1000 (max. 500000)
 620 words of extra memory for PDF output out of 10000 (max. 10000000)

